{"/home/travis/build/npmtest/node-npmtest-ali-mqs/test.js":{"path":"/home/travis/build/npmtest/node-npmtest-ali-mqs/test.js","s":{"1":2,"2":2,"3":2,"4":2,"5":2,"6":2,"7":2,"8":1,"9":2,"10":2,"11":1,"12":1,"13":1,"14":1,"15":2,"16":2,"17":2,"18":2,"19":1,"20":1,"21":2,"22":2,"23":2,"24":1,"25":1,"26":1,"27":1,"28":1,"29":1,"30":1,"31":1,"32":1,"33":1,"34":1,"35":1,"36":1,"37":1,"38":1,"39":2,"40":2,"41":1,"42":2,"43":2,"44":1,"45":2,"46":2,"47":1,"48":2,"49":2,"50":1,"51":1,"52":1,"53":1,"54":1},"b":{"1":[2,1,1,1],"2":[1,1,1,1],"3":[1,1],"4":[1,1],"5":[1,1],"6":[1,1],"7":[1,1],"8":[1,1],"9":[1,1],"10":[1,1,1],"11":[1,1],"12":[1,1],"13":[1,1],"14":[1,1],"15":[1,1],"16":[1,1],"17":[1,1]},"f":{"1":2,"2":2,"3":2,"4":2,"5":2,"6":1,"7":1,"8":1,"9":2,"10":2,"11":2,"12":2,"13":1},"fnMap":{"1":{"name":"(anonymous_1)","line":12,"loc":{"start":{"line":12,"column":1},"end":{"line":12,"column":13}}},"2":{"name":"(anonymous_2)","line":19,"loc":{"start":{"line":19,"column":5},"end":{"line":19,"column":17}}},"3":{"name":"(anonymous_3)","line":23,"loc":{"start":{"line":23,"column":24},"end":{"line":23,"column":36}}},"4":{"name":"(anonymous_4)","line":61,"loc":{"start":{"line":61,"column":5},"end":{"line":61,"column":17}}},"5":{"name":"(anonymous_5)","line":82,"loc":{"start":{"line":82,"column":5},"end":{"line":82,"column":17}}},"6":{"name":"(anonymous_6)","line":91,"loc":{"start":{"line":91,"column":77},"end":{"line":94,"column":10}}},"7":{"name":"(anonymous_7)","line":112,"loc":{"start":{"line":112,"column":83},"end":{"line":115,"column":10}},"skip":true},"8":{"name":"(anonymous_8)","line":123,"loc":{"start":{"line":123,"column":77},"end":{"line":126,"column":10}},"skip":true},"9":{"name":"(anonymous_9)","line":139,"loc":{"start":{"line":139,"column":12},"end":{"line":139,"column":40}},"skip":true},"10":{"name":"(anonymous_10)","line":147,"loc":{"start":{"line":147,"column":77},"end":{"line":150,"column":10}},"skip":true},"11":{"name":"(anonymous_11)","line":158,"loc":{"start":{"line":158,"column":83},"end":{"line":161,"column":10}},"skip":true},"12":{"name":"(anonymous_12)","line":169,"loc":{"start":{"line":169,"column":79},"end":{"line":172,"column":10}},"skip":true},"13":{"name":"(anonymous_13)","line":180,"loc":{"start":{"line":180,"column":75},"end":{"line":183,"column":10}},"skip":true}},"statementMap":{"1":{"start":{"line":12,"column":0},"end":{"line":195,"column":5}},"2":{"start":{"line":14,"column":4},"end":{"line":14,"column":14}},"3":{"start":{"line":19,"column":4},"end":{"line":56,"column":9}},"4":{"start":{"line":21,"column":8},"end":{"line":21,"column":19}},"5":{"start":{"line":23,"column":8},"end":{"line":35,"column":13}},"6":{"start":{"line":24,"column":12},"end":{"line":34,"column":13}},"7":{"start":{"line":25,"column":16},"end":{"line":28,"column":30}},"8":{"start":{"line":30,"column":16},"end":{"line":33,"column":27}},"9":{"start":{"line":37,"column":8},"end":{"line":39,"column":21}},"10":{"start":{"line":40,"column":8},"end":{"line":53,"column":9}},"11":{"start":{"line":43,"column":12},"end":{"line":46,"column":14}},"12":{"start":{"line":47,"column":12},"end":{"line":47,"column":18}},"13":{"start":{"line":50,"column":12},"end":{"line":51,"column":33}},"14":{"start":{"line":52,"column":12},"end":{"line":52,"column":18}},"15":{"start":{"line":55,"column":8},"end":{"line":55,"column":35}},"16":{"start":{"line":61,"column":4},"end":{"line":63,"column":9}},"17":{"start":{"line":62,"column":8},"end":{"line":62,"column":15}},"18":{"start":{"line":64,"column":4},"end":{"line":77,"column":5}},"19":{"start":{"line":70,"column":8},"end":{"line":70,"column":14}},"20":{"start":{"line":76,"column":8},"end":{"line":76,"column":14}},"21":{"start":{"line":82,"column":4},"end":{"line":84,"column":9}},"22":{"start":{"line":83,"column":8},"end":{"line":83,"column":15}},"23":{"start":{"line":85,"column":4},"end":{"line":194,"column":5}},"24":{"start":{"line":91,"column":8},"end":{"line":99,"column":10}},"25":{"start":{"line":98,"column":12},"end":{"line":98,"column":35}},"26":{"start":{"line":102,"column":8},"end":{"line":104,"column":63}},"27":{"start":{"line":105,"column":8},"end":{"line":105,"column":14}},"28":{"start":{"line":112,"column":8},"end":{"line":121,"column":10},"skip":true},"29":{"start":{"line":119,"column":12},"end":{"line":119,"column":55},"skip":true},"30":{"start":{"line":120,"column":12},"end":{"line":120,"column":48},"skip":true},"31":{"start":{"line":123,"column":8},"end":{"line":136,"column":10},"skip":true},"32":{"start":{"line":130,"column":12},"end":{"line":130,"column":76},"skip":true},"33":{"start":{"line":131,"column":12},"end":{"line":131,"column":73},"skip":true},"34":{"start":{"line":132,"column":12},"end":{"line":132,"column":74},"skip":true},"35":{"start":{"line":133,"column":12},"end":{"line":133,"column":79},"skip":true},"36":{"start":{"line":134,"column":12},"end":{"line":134,"column":25},"skip":true},"37":{"start":{"line":135,"column":12},"end":{"line":135,"column":45},"skip":true},"38":{"start":{"line":138,"column":8},"end":{"line":145,"column":14},"skip":true},"39":{"start":{"line":143,"column":16},"end":{"line":143,"column":29},"skip":true},"40":{"start":{"line":144,"column":16},"end":{"line":144,"column":55},"skip":true},"41":{"start":{"line":147,"column":8},"end":{"line":156,"column":10},"skip":true},"42":{"start":{"line":154,"column":12},"end":{"line":154,"column":25},"skip":true},"43":{"start":{"line":155,"column":12},"end":{"line":155,"column":45},"skip":true},"44":{"start":{"line":158,"column":8},"end":{"line":167,"column":10},"skip":true},"45":{"start":{"line":165,"column":12},"end":{"line":165,"column":25},"skip":true},"46":{"start":{"line":166,"column":12},"end":{"line":166,"column":48},"skip":true},"47":{"start":{"line":169,"column":8},"end":{"line":178,"column":10},"skip":true},"48":{"start":{"line":176,"column":12},"end":{"line":176,"column":25},"skip":true},"49":{"start":{"line":177,"column":12},"end":{"line":177,"column":46},"skip":true},"50":{"start":{"line":180,"column":8},"end":{"line":189,"column":10},"skip":true},"51":{"start":{"line":187,"column":12},"end":{"line":187,"column":94},"skip":true},"52":{"start":{"line":188,"column":12},"end":{"line":188,"column":48},"skip":true},"53":{"start":{"line":192,"column":8},"end":{"line":192,"column":35},"skip":true},"54":{"start":{"line":193,"column":8},"end":{"line":193,"column":14},"skip":true}},"branchMap":{"1":{"line":25,"type":"binary-expr","locations":[{"start":{"line":25,"column":23},"end":{"line":25,"column":62}},{"start":{"line":26,"column":20},"end":{"line":26,"column":70}},{"start":{"line":27,"column":20},"end":{"line":27,"column":71}},{"start":{"line":28,"column":20},"end":{"line":28,"column":29}}]},"2":{"line":30,"type":"binary-expr","locations":[{"start":{"line":30,"column":23},"end":{"line":30,"column":37}},{"start":{"line":31,"column":20},"end":{"line":31,"column":61}},{"start":{"line":32,"column":20},"end":{"line":32,"column":70}},{"start":{"line":33,"column":20},"end":{"line":33,"column":26}}]},"3":{"line":37,"type":"cond-expr","locations":[{"start":{"line":38,"column":14},"end":{"line":38,"column":20}},{"start":{"line":39,"column":14},"end":{"line":39,"column":20}}]},"4":{"line":40,"type":"switch","locations":[{"start":{"line":42,"column":8},"end":{"line":47,"column":18}},{"start":{"line":49,"column":8},"end":{"line":52,"column":18}}]},"5":{"line":44,"type":"binary-expr","locations":[{"start":{"line":44,"column":16},"end":{"line":44,"column":44}},{"start":{"line":44,"column":48},"end":{"line":44,"column":66}}]},"6":{"line":50,"type":"binary-expr","locations":[{"start":{"line":50,"column":21},"end":{"line":50,"column":49}},{"start":{"line":50,"column":53},"end":{"line":50,"column":72}}]},"7":{"line":64,"type":"switch","locations":[{"start":{"line":69,"column":4},"end":{"line":70,"column":14}},{"start":{"line":75,"column":4},"end":{"line":76,"column":14}}]},"8":{"line":85,"type":"switch","locations":[{"start":{"line":90,"column":4},"end":{"line":105,"column":14}},{"start":{"line":111,"column":4},"end":{"line":193,"column":14},"skip":true}]},"9":{"line":91,"type":"binary-expr","locations":[{"start":{"line":91,"column":42},"end":{"line":91,"column":73}},{"start":{"line":91,"column":77},"end":{"line":99,"column":9}}]},"10":{"line":102,"type":"binary-expr","locations":[{"start":{"line":102,"column":18},"end":{"line":102,"column":32}},{"start":{"line":103,"column":12},"end":{"line":103,"column":53}},{"start":{"line":104,"column":12},"end":{"line":104,"column":61}}]},"11":{"line":112,"type":"binary-expr","locations":[{"start":{"line":112,"column":45},"end":{"line":112,"column":79},"skip":true},{"start":{"line":112,"column":83},"end":{"line":121,"column":9},"skip":true}]},"12":{"line":123,"type":"binary-expr","locations":[{"start":{"line":123,"column":42},"end":{"line":123,"column":73},"skip":true},{"start":{"line":123,"column":77},"end":{"line":136,"column":9},"skip":true}]},"13":{"line":138,"type":"binary-expr","locations":[{"start":{"line":138,"column":48},"end":{"line":138,"column":85},"skip":true},{"start":{"line":139,"column":12},"end":{"line":145,"column":13},"skip":true}]},"14":{"line":147,"type":"binary-expr","locations":[{"start":{"line":147,"column":42},"end":{"line":147,"column":73},"skip":true},{"start":{"line":147,"column":77},"end":{"line":156,"column":9},"skip":true}]},"15":{"line":158,"type":"binary-expr","locations":[{"start":{"line":158,"column":45},"end":{"line":158,"column":79},"skip":true},{"start":{"line":158,"column":83},"end":{"line":167,"column":9},"skip":true}]},"16":{"line":169,"type":"binary-expr","locations":[{"start":{"line":169,"column":43},"end":{"line":169,"column":75},"skip":true},{"start":{"line":169,"column":79},"end":{"line":178,"column":9},"skip":true}]},"17":{"line":180,"type":"binary-expr","locations":[{"start":{"line":180,"column":41},"end":{"line":180,"column":71},"skip":true},{"start":{"line":180,"column":75},"end":{"line":189,"column":9},"skip":true}]}},"code":["/* istanbul instrument in package npmtest_ali_mqs */","/*jslint","    bitwise: true,","    browser: true,","    maxerr: 8,","    maxlen: 96,","    node: true,","    nomen: true,","    regexp: true,","    stupid: true","*/","(function () {","    'use strict';","    var local;","","","","    // run shared js-env code - init-before","    (function () {","        // init local","        local = {};","        // init modeJs","        local.modeJs = (function () {","            try {","                return typeof navigator.userAgent === 'string' &&","                    typeof document.querySelector('body') === 'object' &&","                    typeof XMLHttpRequest.prototype.open === 'function' &&","                    'browser';","            } catch (errorCaughtBrowser) {","                return module.exports &&","                    typeof process.versions.node === 'string' &&","                    typeof require('http').createServer === 'function' &&","                    'node';","            }","        }());","        // init global","        local.global = local.modeJs === 'browser'","            ? window","            : global;","        switch (local.modeJs) {","        // re-init local from window.local","        case 'browser':","            local = local.global.utility2.objectSetDefault(","                local.global.utility2_rollup || local.global.local,","                local.global.utility2","            );","            break;","        // re-init local from example.js","        case 'node':","            local = (local.global.utility2_rollup || require('utility2'))","                .requireReadme();","            break;","        }","        // export local","        local.global.local = local;","    }());","","","","    // run shared js-env code - function","    (function () {","        return;","    }());","    switch (local.modeJs) {","","","","    // run browser js-env code - function","    case 'browser':","        break;","","","","    // run node js-env code - function","    case 'node':","        break;","    }","","","","    // run shared js-env code - init-after","    (function () {","        return;","    }());","    switch (local.modeJs) {","","","","    // run browser js-env code - init-after","    case 'browser':","        local.testCase_browser_nullCase = local.testCase_browser_nullCase || function (","            options,","            onError","        ) {","        /*","         * this function will test browsers's null-case handling-behavior-behavior","         */","            onError(null, options);","        };","","        // run tests","        local.nop(local.modeTest &&","            document.querySelector('#testRunButton1') &&","            document.querySelector('#testRunButton1').click());","        break;","","","","    // run node js-env code - init-after","    /* istanbul ignore next */","    case 'node':","        local.testCase_buildApidoc_default = local.testCase_buildApidoc_default || function (","            options,","            onError","        ) {","        /*","         * this function will test buildApidoc's default handling-behavior-behavior","         */","            options = { modulePathList: module.paths };","            local.buildApidoc(options, onError);","        };","","        local.testCase_buildApp_default = local.testCase_buildApp_default || function (","            options,","            onError","        ) {","        /*","         * this function will test buildApp's default handling-behavior-behavior","         */","            local.testCase_buildReadme_default(options, local.onErrorThrow);","            local.testCase_buildLib_default(options, local.onErrorThrow);","            local.testCase_buildTest_default(options, local.onErrorThrow);","            local.testCase_buildCustomOrg_default(options, local.onErrorThrow);","            options = [];","            local.buildApp(options, onError);","        };","","        local.testCase_buildCustomOrg_default = local.testCase_buildCustomOrg_default ||","            function (options, onError) {","            /*","             * this function will test buildCustomOrg's default handling-behavior","             */","                options = {};","                local.buildCustomOrg(options, onError);","            };","","        local.testCase_buildLib_default = local.testCase_buildLib_default || function (","            options,","            onError","        ) {","        /*","         * this function will test buildLib's default handling-behavior","         */","            options = {};","            local.buildLib(options, onError);","        };","","        local.testCase_buildReadme_default = local.testCase_buildReadme_default || function (","            options,","            onError","        ) {","        /*","         * this function will test buildReadme's default handling-behavior-behavior","         */","            options = {};","            local.buildReadme(options, onError);","        };","","        local.testCase_buildTest_default = local.testCase_buildTest_default || function (","            options,","            onError","        ) {","        /*","         * this function will test buildTest's default handling-behavior","         */","            options = {};","            local.buildTest(options, onError);","        };","","        local.testCase_webpage_default = local.testCase_webpage_default || function (","            options,","            onError","        ) {","        /*","         * this function will test webpage's default handling-behavior","         */","            options = { modeCoverageMerge: true, url: local.serverLocalHost + '?modeTest=1' };","            local.browserTest(options, onError);","        };","","        // run test-server","        local.testRunServer(local);","        break;","    }","}());",""],"l":{"12":2,"14":2,"19":2,"21":2,"23":2,"24":2,"25":2,"30":1,"37":2,"40":2,"43":1,"47":1,"50":1,"52":1,"55":2,"61":2,"62":2,"64":2,"70":1,"76":1,"82":2,"83":2,"85":2,"91":1,"98":1,"102":1,"105":1,"112":1,"119":1,"120":1,"123":1,"130":1,"131":1,"132":1,"133":1,"134":1,"135":1,"138":1,"143":2,"144":2,"147":1,"154":2,"155":2,"158":1,"165":2,"166":2,"169":1,"176":2,"177":2,"180":1,"187":1,"188":1,"192":1,"193":1}},"/home/travis/build/npmtest/node-npmtest-ali-mqs/lib.npmtest_ali_mqs.js":{"path":"/home/travis/build/npmtest/node-npmtest-ali-mqs/lib.npmtest_ali_mqs.js","s":{"1":2,"2":2,"3":2,"4":2,"5":2,"6":2,"7":2,"8":1,"9":2,"10":2,"11":2,"12":2,"13":1,"14":1,"15":1,"16":1},"b":{"1":[2,1,1,1],"2":[1,1,1,1],"3":[1,1],"4":[2,2],"5":[1,1]},"f":{"1":2,"2":2,"3":2},"fnMap":{"1":{"name":"(anonymous_1)","line":12,"loc":{"start":{"line":12,"column":1},"end":{"line":12,"column":13}}},"2":{"name":"(anonymous_2)","line":19,"loc":{"start":{"line":19,"column":5},"end":{"line":19,"column":17}}},"3":{"name":"(anonymous_3)","line":23,"loc":{"start":{"line":23,"column":24},"end":{"line":23,"column":36}}}},"statementMap":{"1":{"start":{"line":12,"column":0},"end":{"line":53,"column":5}},"2":{"start":{"line":14,"column":4},"end":{"line":14,"column":14}},"3":{"start":{"line":19,"column":4},"end":{"line":52,"column":9}},"4":{"start":{"line":21,"column":8},"end":{"line":21,"column":19}},"5":{"start":{"line":23,"column":8},"end":{"line":35,"column":13}},"6":{"start":{"line":24,"column":12},"end":{"line":34,"column":13}},"7":{"start":{"line":25,"column":16},"end":{"line":28,"column":30}},"8":{"start":{"line":30,"column":16},"end":{"line":33,"column":27}},"9":{"start":{"line":37,"column":8},"end":{"line":39,"column":21}},"10":{"start":{"line":41,"column":8},"end":{"line":41,"column":54}},"11":{"start":{"line":43,"column":8},"end":{"line":43,"column":52}},"12":{"start":{"line":45,"column":8},"end":{"line":51,"column":9}},"13":{"start":{"line":46,"column":12},"end":{"line":46,"column":58}},"14":{"start":{"line":48,"column":12},"end":{"line":48,"column":35}},"15":{"start":{"line":49,"column":12},"end":{"line":49,"column":49}},"16":{"start":{"line":50,"column":12},"end":{"line":50,"column":43}}},"branchMap":{"1":{"line":25,"type":"binary-expr","locations":[{"start":{"line":25,"column":23},"end":{"line":25,"column":62}},{"start":{"line":26,"column":20},"end":{"line":26,"column":70}},{"start":{"line":27,"column":20},"end":{"line":27,"column":71}},{"start":{"line":28,"column":20},"end":{"line":28,"column":29}}]},"2":{"line":30,"type":"binary-expr","locations":[{"start":{"line":30,"column":23},"end":{"line":30,"column":37}},{"start":{"line":31,"column":20},"end":{"line":31,"column":61}},{"start":{"line":32,"column":20},"end":{"line":32,"column":70}},{"start":{"line":33,"column":20},"end":{"line":33,"column":26}}]},"3":{"line":37,"type":"cond-expr","locations":[{"start":{"line":38,"column":14},"end":{"line":38,"column":20}},{"start":{"line":39,"column":14},"end":{"line":39,"column":20}}]},"4":{"line":41,"type":"binary-expr","locations":[{"start":{"line":41,"column":16},"end":{"line":41,"column":44}},{"start":{"line":41,"column":48},"end":{"line":41,"column":53}}]},"5":{"line":45,"type":"if","locations":[{"start":{"line":45,"column":8},"end":{"line":45,"column":8}},{"start":{"line":45,"column":8},"end":{"line":45,"column":8}}]}},"code":["/* istanbul instrument in package npmtest_ali_mqs */","/*jslint","    bitwise: true,","    browser: true,","    maxerr: 8,","    maxlen: 96,","    node: true,","    nomen: true,","    regexp: true,","    stupid: true","*/","(function () {","    'use strict';","    var local;","","","","    // run shared js-env code - init-before","    (function () {","        // init local","        local = {};","        // init modeJs","        local.modeJs = (function () {","            try {","                return typeof navigator.userAgent === 'string' &&","                    typeof document.querySelector('body') === 'object' &&","                    typeof XMLHttpRequest.prototype.open === 'function' &&","                    'browser';","            } catch (errorCaughtBrowser) {","                return module.exports &&","                    typeof process.versions.node === 'string' &&","                    typeof require('http').createServer === 'function' &&","                    'node';","            }","        }());","        // init global","        local.global = local.modeJs === 'browser'","            ? window","            : global;","        // init utility2_rollup","        local = local.global.utility2_rollup || local;","        // init lib","        local.local = local.npmtest_ali_mqs = local;","        // init exports","        if (local.modeJs === 'browser') {","            local.global.utility2_npmtest_ali_mqs = local;","        } else {","            module.exports = local;","            module.exports.__dirname = __dirname;","            module.exports.module = module;","        }","    }());","}());",""],"l":{"12":2,"14":2,"19":2,"21":2,"23":2,"24":2,"25":2,"30":1,"37":2,"41":2,"43":2,"45":2,"46":1,"48":1,"49":1,"50":1}},"/home/travis/build/npmtest/node-npmtest-ali-mqs/example.js":{"path":"/home/travis/build/npmtest/node-npmtest-ali-mqs/example.js","s":{"1":2,"2":2,"3":2,"4":2,"5":2,"6":2,"7":2,"8":1,"9":2,"10":2,"11":2,"12":2,"13":1,"14":2,"15":2,"16":2,"17":2,"18":2,"19":0,"20":2,"21":1,"22":1,"23":1,"24":1,"25":1,"26":0,"27":0,"28":1,"29":1,"30":2,"31":0,"32":0,"33":0,"34":1,"35":2,"36":2,"37":3,"38":3,"39":3,"40":3,"41":0,"42":3,"43":3,"44":3,"45":1,"46":3,"47":1,"48":1,"49":1,"50":1,"51":1,"52":1,"53":1,"54":1,"55":1,"56":1,"57":0,"58":1,"59":6,"60":6,"61":1,"62":2,"63":0,"64":2,"65":1,"66":1,"67":0,"68":0,"69":0,"70":0,"71":0,"72":0,"73":0,"74":0,"75":0,"76":0,"77":0,"78":0,"79":0,"80":0,"81":0,"82":0,"83":0},"b":{"1":[2,1,1,1],"2":[1,1,1,1],"3":[1,1],"4":[2,2],"5":[1,1],"6":[1,1],"7":[2,0],"8":[2,1,1,1,1,1],"9":[0,2,0],"10":[1,1],"11":[2,1,1],"12":[1,0],"13":[0,2],"14":[2,0,0,0,0,0,0],"15":[0,3],"16":[3,0],"17":[1,1],"18":[0,1],"19":[1,2,0,2],"20":[1,0],"21":[1,1],"22":[0,0],"23":[0,0],"24":[0,0],"25":[0,0],"26":[0,0],"27":[0,0],"28":[0,0]},"f":{"1":2,"2":2,"3":2,"4":2,"5":2,"6":2,"7":3,"8":3,"9":3,"10":1,"11":6,"12":0},"fnMap":{"1":{"name":"(anonymous_1)","line":26,"loc":{"start":{"line":26,"column":1},"end":{"line":26,"column":13}}},"2":{"name":"(anonymous_2)","line":33,"loc":{"start":{"line":33,"column":5},"end":{"line":33,"column":17}}},"3":{"name":"(anonymous_3)","line":37,"loc":{"start":{"line":37,"column":24},"end":{"line":37,"column":36}}},"4":{"name":"(anonymous_4)","line":69,"loc":{"start":{"line":69,"column":31},"end":{"line":69,"column":48}},"skip":true},"5":{"name":"(anonymous_5)","line":78,"loc":{"start":{"line":78,"column":26},"end":{"line":78,"column":45}},"skip":true},"6":{"name":"(anonymous_6)","line":123,"loc":{"start":{"line":123,"column":33},"end":{"line":123,"column":48}},"skip":true},"7":{"name":"(anonymous_7)","line":125,"loc":{"start":{"line":125,"column":27},"end":{"line":125,"column":39}},"skip":true},"8":{"name":"(anonymous_8)","line":133,"loc":{"start":{"line":133,"column":59},"end":{"line":133,"column":74}},"skip":true},"9":{"name":"(anonymous_9)","line":143,"loc":{"start":{"line":143,"column":45},"end":{"line":143,"column":62}},"skip":true},"10":{"name":"(anonymous_10)","line":144,"loc":{"start":{"line":144,"column":73},"end":{"line":144,"column":92}},"skip":true},"11":{"name":"(anonymous_11)","line":272,"loc":{"start":{"line":272,"column":51},"end":{"line":272,"column":77}},"skip":true},"12":{"name":"(anonymous_12)","line":315,"loc":{"start":{"line":315,"column":32},"end":{"line":315,"column":61}},"skip":true}},"statementMap":{"1":{"start":{"line":26,"column":0},"end":{"line":326,"column":5}},"2":{"start":{"line":28,"column":4},"end":{"line":28,"column":14}},"3":{"start":{"line":33,"column":4},"end":{"line":60,"column":9}},"4":{"start":{"line":35,"column":8},"end":{"line":35,"column":19}},"5":{"start":{"line":37,"column":8},"end":{"line":49,"column":13}},"6":{"start":{"line":38,"column":12},"end":{"line":48,"column":13}},"7":{"start":{"line":39,"column":16},"end":{"line":42,"column":30}},"8":{"start":{"line":44,"column":16},"end":{"line":47,"column":27}},"9":{"start":{"line":51,"column":8},"end":{"line":53,"column":21}},"10":{"start":{"line":55,"column":8},"end":{"line":57,"column":45}},"11":{"start":{"line":59,"column":8},"end":{"line":59,"column":35}},"12":{"start":{"line":61,"column":4},"end":{"line":325,"column":5}},"13":{"start":{"line":69,"column":8},"end":{"line":121,"column":10},"skip":true},"14":{"start":{"line":70,"column":12},"end":{"line":88,"column":13},"skip":true},"15":{"start":{"line":76,"column":16},"end":{"line":87,"column":19},"skip":true},"16":{"start":{"line":79,"column":20},"end":{"line":86,"column":21},"skip":true},"17":{"start":{"line":82,"column":24},"end":{"line":82,"column":43},"skip":true},"18":{"start":{"line":83,"column":24},"end":{"line":83,"column":30},"skip":true},"19":{"start":{"line":85,"column":24},"end":{"line":85,"column":49},"skip":true},"20":{"start":{"line":89,"column":12},"end":{"line":107,"column":13},"skip":true},"21":{"start":{"line":92,"column":16},"end":{"line":102,"column":17},"skip":true},"22":{"start":{"line":93,"column":20},"end":{"line":93,"column":86},"skip":true},"23":{"start":{"line":94,"column":20},"end":{"line":95,"column":45},"skip":true},"24":{"start":{"line":96,"column":20},"end":{"line":96,"column":42},"skip":true},"25":{"start":{"line":97,"column":20},"end":{"line":97,"column":48},"skip":true},"26":{"start":{"line":100,"column":20},"end":{"line":100,"column":85},"skip":true},"27":{"start":{"line":101,"column":20},"end":{"line":101,"column":96},"skip":true},"28":{"start":{"line":103,"column":16},"end":{"line":103,"column":22},"skip":true},"29":{"start":{"line":106,"column":16},"end":{"line":106,"column":22},"skip":true},"30":{"start":{"line":108,"column":12},"end":{"line":120,"column":13},"skip":true},"31":{"start":{"line":114,"column":16},"end":{"line":119,"column":17},"skip":true},"32":{"start":{"line":116,"column":20},"end":{"line":116,"column":78},"skip":true},"33":{"start":{"line":118,"column":20},"end":{"line":118,"column":47},"skip":true},"34":{"start":{"line":123,"column":8},"end":{"line":141,"column":11},"skip":true},"35":{"start":{"line":124,"column":12},"end":{"line":124,"column":54},"skip":true},"36":{"start":{"line":125,"column":12},"end":{"line":140,"column":14},"skip":true},"37":{"start":{"line":126,"column":16},"end":{"line":126,"column":28},"skip":true},"38":{"start":{"line":127,"column":16},"end":{"line":127,"column":69},"skip":true},"39":{"start":{"line":128,"column":16},"end":{"line":128,"column":75},"skip":true},"40":{"start":{"line":129,"column":16},"end":{"line":131,"column":17},"skip":true},"41":{"start":{"line":130,"column":20},"end":{"line":130,"column":27},"skip":true},"42":{"start":{"line":133,"column":16},"end":{"line":137,"column":36},"skip":true},"43":{"start":{"line":134,"column":20},"end":{"line":136,"column":55},"skip":true},"44":{"start":{"line":139,"column":16},"end":{"line":139,"column":57},"skip":true},"45":{"start":{"line":143,"column":8},"end":{"line":147,"column":11},"skip":true},"46":{"start":{"line":144,"column":12},"end":{"line":146,"column":15},"skip":true},"47":{"start":{"line":145,"column":16},"end":{"line":145,"column":70},"skip":true},"48":{"start":{"line":149,"column":8},"end":{"line":149,"column":31},"skip":true},"49":{"start":{"line":150,"column":8},"end":{"line":150,"column":14},"skip":true},"50":{"start":{"line":158,"column":8},"end":{"line":158,"column":31},"skip":true},"51":{"start":{"line":160,"column":8},"end":{"line":160,"column":33},"skip":true},"52":{"start":{"line":161,"column":8},"end":{"line":161,"column":37},"skip":true},"53":{"start":{"line":162,"column":8},"end":{"line":162,"column":35},"skip":true},"54":{"start":{"line":164,"column":8},"end":{"line":164,"column":50},"skip":true},"55":{"start":{"line":166,"column":8},"end":{"line":256,"column":2},"skip":true},"56":{"start":{"line":258,"column":8},"end":{"line":286,"column":9},"skip":true},"57":{"start":{"line":259,"column":12},"end":{"line":269,"column":14},"skip":true},"58":{"start":{"line":271,"column":12},"end":{"line":285,"column":19},"skip":true},"59":{"start":{"line":274,"column":20},"end":{"line":274,"column":35},"skip":true},"60":{"start":{"line":275,"column":20},"end":{"line":284,"column":21},"skip":true},"61":{"start":{"line":277,"column":24},"end":{"line":277,"column":64},"skip":true},"62":{"start":{"line":279,"column":24},"end":{"line":279,"column":40},"skip":true},"63":{"start":{"line":281,"column":24},"end":{"line":281,"column":40},"skip":true},"64":{"start":{"line":283,"column":24},"end":{"line":283,"column":39},"skip":true},"65":{"start":{"line":288,"column":8},"end":{"line":290,"column":9},"skip":true},"66":{"start":{"line":289,"column":12},"end":{"line":289,"column":18},"skip":true},"67":{"start":{"line":291,"column":8},"end":{"line":293,"column":54},"skip":true},"68":{"start":{"line":296,"column":8},"end":{"line":301,"column":37},"skip":true},"69":{"start":{"line":303,"column":8},"end":{"line":303,"column":82},"skip":true},"70":{"start":{"line":306,"column":8},"end":{"line":308,"column":9},"skip":true},"71":{"start":{"line":307,"column":12},"end":{"line":307,"column":82},"skip":true},"72":{"start":{"line":310,"column":8},"end":{"line":312,"column":9},"skip":true},"73":{"start":{"line":311,"column":12},"end":{"line":311,"column":18},"skip":true},"74":{"start":{"line":313,"column":8},"end":{"line":313,"column":54},"skip":true},"75":{"start":{"line":314,"column":8},"end":{"line":314,"column":69},"skip":true},"76":{"start":{"line":315,"column":8},"end":{"line":323,"column":36},"skip":true},"77":{"start":{"line":316,"column":12},"end":{"line":316,"column":61},"skip":true},"78":{"start":{"line":317,"column":12},"end":{"line":320,"column":13},"skip":true},"79":{"start":{"line":318,"column":16},"end":{"line":318,"column":75},"skip":true},"80":{"start":{"line":319,"column":16},"end":{"line":319,"column":23},"skip":true},"81":{"start":{"line":321,"column":12},"end":{"line":321,"column":38},"skip":true},"82":{"start":{"line":322,"column":12},"end":{"line":322,"column":27},"skip":true},"83":{"start":{"line":324,"column":8},"end":{"line":324,"column":14},"skip":true}},"branchMap":{"1":{"line":39,"type":"binary-expr","locations":[{"start":{"line":39,"column":23},"end":{"line":39,"column":62}},{"start":{"line":40,"column":20},"end":{"line":40,"column":70}},{"start":{"line":41,"column":20},"end":{"line":41,"column":71}},{"start":{"line":42,"column":20},"end":{"line":42,"column":29}}]},"2":{"line":44,"type":"binary-expr","locations":[{"start":{"line":44,"column":23},"end":{"line":44,"column":37}},{"start":{"line":45,"column":20},"end":{"line":45,"column":61}},{"start":{"line":46,"column":20},"end":{"line":46,"column":70}},{"start":{"line":47,"column":20},"end":{"line":47,"column":26}}]},"3":{"line":51,"type":"cond-expr","locations":[{"start":{"line":52,"column":14},"end":{"line":52,"column":20}},{"start":{"line":53,"column":14},"end":{"line":53,"column":20}}]},"4":{"line":55,"type":"binary-expr","locations":[{"start":{"line":55,"column":16},"end":{"line":55,"column":44}},{"start":{"line":55,"column":49},"end":{"line":57,"column":43}}]},"5":{"line":55,"type":"cond-expr","locations":[{"start":{"line":56,"column":14},"end":{"line":56,"column":51}},{"start":{"line":57,"column":14},"end":{"line":57,"column":43}}]},"6":{"line":61,"type":"switch","locations":[{"start":{"line":68,"column":4},"end":{"line":150,"column":14},"skip":true},{"start":{"line":156,"column":4},"end":{"line":324,"column":14},"skip":true}]},"7":{"line":70,"type":"if","locations":[{"start":{"line":70,"column":12},"end":{"line":70,"column":12},"skip":true},{"start":{"line":70,"column":12},"end":{"line":70,"column":12},"skip":true}]},"8":{"line":70,"type":"binary-expr","locations":[{"start":{"line":70,"column":16},"end":{"line":70,"column":22},"skip":true},{"start":{"line":70,"column":27},"end":{"line":70,"column":32},"skip":true},{"start":{"line":71,"column":20},"end":{"line":71,"column":39},"skip":true},{"start":{"line":72,"column":20},"end":{"line":72,"column":49},"skip":true},{"start":{"line":73,"column":20},"end":{"line":73,"column":58},"skip":true},{"start":{"line":74,"column":20},"end":{"line":74,"column":69},"skip":true}]},"9":{"line":79,"type":"switch","locations":[{"start":{"line":80,"column":20},"end":{"line":80,"column":33},"skip":true},{"start":{"line":81,"column":20},"end":{"line":83,"column":30},"skip":true},{"start":{"line":84,"column":20},"end":{"line":85,"column":49},"skip":true}]},"10":{"line":89,"type":"switch","locations":[{"start":{"line":90,"column":12},"end":{"line":103,"column":22},"skip":true},{"start":{"line":105,"column":12},"end":{"line":106,"column":22},"skip":true}]},"11":{"line":89,"type":"binary-expr","locations":[{"start":{"line":89,"column":20},"end":{"line":89,"column":25},"skip":true},{"start":{"line":89,"column":29},"end":{"line":89,"column":48},"skip":true},{"start":{"line":89,"column":52},"end":{"line":89,"column":74},"skip":true}]},"12":{"line":92,"type":"if","locations":[{"start":{"line":92,"column":16},"end":{"line":92,"column":16},"skip":true},{"start":{"line":92,"column":16},"end":{"line":92,"column":16},"skip":true}]},"13":{"line":108,"type":"if","locations":[{"start":{"line":108,"column":12},"end":{"line":108,"column":12},"skip":true},{"start":{"line":108,"column":12},"end":{"line":108,"column":12},"skip":true}]},"14":{"line":108,"type":"binary-expr","locations":[{"start":{"line":108,"column":16},"end":{"line":108,"column":61},"skip":true},{"start":{"line":108,"column":66},"end":{"line":108,"column":72},"skip":true},{"start":{"line":108,"column":77},"end":{"line":108,"column":82},"skip":true},{"start":{"line":109,"column":20},"end":{"line":109,"column":39},"skip":true},{"start":{"line":110,"column":20},"end":{"line":110,"column":49},"skip":true},{"start":{"line":111,"column":20},"end":{"line":111,"column":58},"skip":true},{"start":{"line":112,"column":20},"end":{"line":112,"column":68},"skip":true}]},"15":{"line":129,"type":"if","locations":[{"start":{"line":129,"column":16},"end":{"line":129,"column":16},"skip":true},{"start":{"line":129,"column":16},"end":{"line":129,"column":16},"skip":true}]},"16":{"line":134,"type":"cond-expr","locations":[{"start":{"line":135,"column":26},"end":{"line":135,"column":29},"skip":true},{"start":{"line":136,"column":26},"end":{"line":136,"column":54},"skip":true}]},"17":{"line":164,"type":"binary-expr","locations":[{"start":{"line":164,"column":27},"end":{"line":164,"column":43},"skip":true},{"start":{"line":164,"column":47},"end":{"line":164,"column":49},"skip":true}]},"18":{"line":258,"type":"if","locations":[{"start":{"line":258,"column":8},"end":{"line":258,"column":8},"skip":true},{"start":{"line":258,"column":8},"end":{"line":258,"column":8},"skip":true}]},"19":{"line":275,"type":"switch","locations":[{"start":{"line":276,"column":20},"end":{"line":277,"column":64},"skip":true},{"start":{"line":278,"column":20},"end":{"line":279,"column":40},"skip":true},{"start":{"line":280,"column":20},"end":{"line":281,"column":40},"skip":true},{"start":{"line":282,"column":20},"end":{"line":283,"column":39},"skip":true}]},"20":{"line":288,"type":"if","locations":[{"start":{"line":288,"column":8},"end":{"line":288,"column":8},"skip":true},{"start":{"line":288,"column":8},"end":{"line":288,"column":8},"skip":true}]},"21":{"line":288,"type":"binary-expr","locations":[{"start":{"line":288,"column":12},"end":{"line":288,"column":40},"skip":true},{"start":{"line":288,"column":44},"end":{"line":288,"column":67},"skip":true}]},"22":{"line":292,"type":"binary-expr","locations":[{"start":{"line":292,"column":12},"end":{"line":292,"column":50},"skip":true},{"start":{"line":293,"column":12},"end":{"line":293,"column":53},"skip":true}]},"23":{"line":297,"type":"binary-expr","locations":[{"start":{"line":297,"column":12},"end":{"line":297,"column":65},"skip":true},{"start":{"line":298,"column":12},"end":{"line":301,"column":36},"skip":true}]},"24":{"line":303,"type":"binary-expr","locations":[{"start":{"line":303,"column":43},"end":{"line":303,"column":75},"skip":true},{"start":{"line":303,"column":79},"end":{"line":303,"column":81},"skip":true}]},"25":{"line":306,"type":"if","locations":[{"start":{"line":306,"column":8},"end":{"line":306,"column":8},"skip":true},{"start":{"line":306,"column":8},"end":{"line":306,"column":8},"skip":true}]},"26":{"line":310,"type":"if","locations":[{"start":{"line":310,"column":8},"end":{"line":310,"column":8},"skip":true},{"start":{"line":310,"column":8},"end":{"line":310,"column":8},"skip":true}]},"27":{"line":313,"type":"binary-expr","locations":[{"start":{"line":313,"column":27},"end":{"line":313,"column":43},"skip":true},{"start":{"line":313,"column":47},"end":{"line":313,"column":53},"skip":true}]},"28":{"line":317,"type":"if","locations":[{"start":{"line":317,"column":12},"end":{"line":317,"column":12},"skip":true},{"start":{"line":317,"column":12},"end":{"line":317,"column":12},"skip":true}]}},"code":["/*","example.js","","quickstart example","","instruction","    1. save this script as example.js","    2. run the shell command:","        $ npm install npmtest-ali-mqs && PORT=8081 node example.js","    3. play with the browser-demo on http://127.0.0.1:8081","*/","","","","/* istanbul instrument in package npmtest_ali_mqs */","/*jslint","    bitwise: true,","    browser: true,","    maxerr: 8,","    maxlen: 96,","    node: true,","    nomen: true,","    regexp: true,","    stupid: true","*/","(function () {","    'use strict';","    var local;","","","","    // run shared js-env code - init-before","    (function () {","        // init local","        local = {};","        // init modeJs","        local.modeJs = (function () {","            try {","                return typeof navigator.userAgent === 'string' &&","                    typeof document.querySelector('body') === 'object' &&","                    typeof XMLHttpRequest.prototype.open === 'function' &&","                    'browser';","            } catch (errorCaughtBrowser) {","                return module.exports &&","                    typeof process.versions.node === 'string' &&","                    typeof require('http').createServer === 'function' &&","                    'node';","            }","        }());","        // init global","        local.global = local.modeJs === 'browser'","            ? window","            : global;","        // init utility2_rollup","        local = local.global.utility2_rollup || (local.modeJs === 'browser'","            ? local.global.utility2_npmtest_ali_mqs","            : global.utility2_moduleExports);","        // export local","        local.global.local = local;","    }());","    switch (local.modeJs) {","","","","    // init-after","    // run browser js-env code - init-after","    /* istanbul ignore next */","    case 'browser':","        local.testRunBrowser = function (event) {","            if (!event || (event &&","                    event.currentTarget &&","                    event.currentTarget.className &&","                    event.currentTarget.className.includes &&","                    event.currentTarget.className.includes('onreset'))) {","                // reset output","                Array.from(","                    document.querySelectorAll('body > .resettable')","                ).forEach(function (element) {","                    switch (element.tagName) {","                    case 'INPUT':","                    case 'TEXTAREA':","                        element.value = '';","                        break;","                    default:","                        element.textContent = '';","                    }","                });","            }","            switch (event && event.currentTarget && event.currentTarget.id) {","            case 'testRunButton1':","                // show tests","                if (document.querySelector('#testReportDiv1').style.display === 'none') {","                    document.querySelector('#testReportDiv1').style.display = 'block';","                    document.querySelector('#testRunButton1').textContent =","                        'hide internal test';","                    local.modeTest = true;","                    local.testRunDefault(local);","                // hide tests","                } else {","                    document.querySelector('#testReportDiv1').style.display = 'none';","                    document.querySelector('#testRunButton1').textContent = 'run internal test';","                }","                break;","            // custom-case","            default:","                break;","            }","            if (document.querySelector('#inputTextareaEval1') && (!event || (event &&","                    event.currentTarget &&","                    event.currentTarget.className &&","                    event.currentTarget.className.includes &&","                    event.currentTarget.className.includes('oneval')))) {","                // try to eval input-code","                try {","                    /*jslint evil: true*/","                    eval(document.querySelector('#inputTextareaEval1').value);","                } catch (errorCaught) {","                    console.error(errorCaught);","                }","            }","        };","        // log stderr and stdout to #outputTextareaStdout1","        ['error', 'log'].forEach(function (key) {","            console[key + '_original'] = console[key];","            console[key] = function () {","                var element;","                console[key + '_original'].apply(console, arguments);","                element = document.querySelector('#outputTextareaStdout1');","                if (!element) {","                    return;","                }","                // append text to #outputTextareaStdout1","                element.value += Array.from(arguments).map(function (arg) {","                    return typeof arg === 'string'","                        ? arg","                        : JSON.stringify(arg, null, 4);","                }).join(' ') + '\\n';","                // scroll textarea to bottom","                element.scrollTop = element.scrollHeight;","            };","        });","        // init event-handling","        ['change', 'click', 'keyup'].forEach(function (event) {","            Array.from(document.querySelectorAll('.on' + event)).forEach(function (element) {","                element.addEventListener(event, local.testRunBrowser);","            });","        });","        // run tests","        local.testRunBrowser();","        break;","","","","    // run node js-env code - init-after","    /* istanbul ignore next */","    case 'node':","        // export local","        module.exports = local;","        // require modules","        local.fs = require('fs');","        local.http = require('http');","        local.url = require('url');","        // init assets","        local.assetsDict = local.assetsDict || {};","        /* jslint-ignore-begin */","        local.assetsDict['/assets.index.template.html'] = '\\","<!doctype html>\\n\\","<html lang=\"en\">\\n\\","<head>\\n\\","<meta charset=\"UTF-8\">\\n\\","<meta name=\"viewport\" content=\"width=device-width, initial-scale=1\">\\n\\","<title>{{env.npm_package_name}} (v{{env.npm_package_version}})</title>\\n\\","<style>\\n\\","/*csslint\\n\\","    box-sizing: false,\\n\\","    universal-selector: false\\n\\","*/\\n\\","* {\\n\\","    box-sizing: border-box;\\n\\","}\\n\\","body {\\n\\","    background: #dde;\\n\\","    font-family: Arial, Helvetica, sans-serif;\\n\\","    margin: 2rem;\\n\\","}\\n\\","body > * {\\n\\","    margin-bottom: 1rem;\\n\\","}\\n\\",".utility2FooterDiv {\\n\\","    margin-top: 20px;\\n\\","    text-align: center;\\n\\","}\\n\\","</style>\\n\\","<style>\\n\\","/*csslint\\n\\","*/\\n\\","textarea {\\n\\","    font-family: monospace;\\n\\","    height: 10rem;\\n\\","    width: 100%;\\n\\","}\\n\\","textarea[readonly] {\\n\\","    background: #ddd;\\n\\","}\\n\\","</style>\\n\\","</head>\\n\\","<body>\\n\\","<!-- utility2-comment\\n\\","<div id=\"ajaxProgressDiv1\" style=\"background: #d00; height: 2px; left: 0; margin: 0; padding: 0; position: fixed; top: 0; transition: background 0.5s, width 1.5s; width: 25%;\"></div>\\n\\","utility2-comment -->\\n\\","<h1>\\n\\","<!-- utility2-comment\\n\\","    <a\\n\\","        {{#if env.npm_package_homepage}}\\n\\","        href=\"{{env.npm_package_homepage}}\"\\n\\","        {{/if env.npm_package_homepage}}\\n\\","        target=\"_blank\"\\n\\","    >\\n\\","utility2-comment -->\\n\\","        {{env.npm_package_name}} (v{{env.npm_package_version}})\\n\\","<!-- utility2-comment\\n\\","    </a>\\n\\","utility2-comment -->\\n\\","</h1>\\n\\","<h3>{{env.npm_package_description}}</h3>\\n\\","<!-- utility2-comment\\n\\","<h4><a download href=\"assets.app.js\">download standalone app</a></h4>\\n\\","<button class=\"onclick onreset\" id=\"testRunButton1\">run internal test</button><br>\\n\\","<div id=\"testReportDiv1\" style=\"display: none;\"></div>\\n\\","utility2-comment -->\\n\\","\\n\\","\\n\\","\\n\\","<label>stderr and stdout</label>\\n\\","<textarea class=\"resettable\" id=\"outputTextareaStdout1\" readonly></textarea>\\n\\","<!-- utility2-comment\\n\\","{{#if isRollup}}\\n\\","<script src=\"assets.app.js\"></script>\\n\\","{{#unless isRollup}}\\n\\","utility2-comment -->\\n\\","<script src=\"assets.utility2.rollup.js\"></script>\\n\\","<script src=\"jsonp.utility2._stateInit?callback=window.utility2._stateInit\"></script>\\n\\","<script src=\"assets.npmtest_ali_mqs.rollup.js\"></script>\\n\\","<script src=\"assets.example.js\"></script>\\n\\","<script src=\"assets.test.js\"></script>\\n\\","<!-- utility2-comment\\n\\","{{/if isRollup}}\\n\\","utility2-comment -->\\n\\","<div class=\"utility2FooterDiv\">\\n\\","    [ this app was created with\\n\\","    <a href=\"https://github.com/kaizhu256/node-utility2\" target=\"_blank\">utility2</a>\\n\\","    ]\\n\\","</div>\\n\\","</body>\\n\\","</html>\\n\\","';","        /* jslint-ignore-end */","        if (local.templateRender) {","            local.assetsDict['/'] = local.templateRender(","                local.assetsDict['/assets.index.template.html'],","                {","                    env: local.objectSetDefault(local.env, {","                        npm_package_description: 'the greatest app in the world!',","                        npm_package_name: 'my-app',","                        npm_package_nameAlias: 'my_app',","                        npm_package_version: '0.0.1'","                    })","                }","            );","        } else {","            local.assetsDict['/'] = local.assetsDict['/assets.index.template.html']","                .replace((/\\{\\{env\\.(\\w+?)\\}\\}/g), function (match0, match1) {","                    // jslint-hack","                    String(match0);","                    switch (match1) {","                    case 'npm_package_description':","                        return 'the greatest app in the world!';","                    case 'npm_package_name':","                        return 'my-app';","                    case 'npm_package_nameAlias':","                        return 'my_app';","                    case 'npm_package_version':","                        return '0.0.1';","                    }","                });","        }","        // run the cli","        if (local.global.utility2_rollup || module !== require.main) {","            break;","        }","        local.assetsDict['/assets.example.js'] =","            local.assetsDict['/assets.example.js'] ||","            local.fs.readFileSync(__filename, 'utf8');","        // bug-workaround - long $npm_package_buildCustomOrg","        /* jslint-ignore-begin */","        local.assetsDict['/assets.npmtest_ali_mqs.rollup.js'] =","            local.assetsDict['/assets.npmtest_ali_mqs.rollup.js'] ||","            local.fs.readFileSync(","                local.npmtest_ali_mqs.__dirname + '/lib.npmtest_ali_mqs.js',","                'utf8'","            ).replace((/^#!/), '//');","        /* jslint-ignore-end */","        local.assetsDict['/favicon.ico'] = local.assetsDict['/favicon.ico'] || '';","        // if $npm_config_timeout_exit exists,","        // then exit this process after $npm_config_timeout_exit ms","        if (Number(process.env.npm_config_timeout_exit)) {","            setTimeout(process.exit, Number(process.env.npm_config_timeout_exit));","        }","        // start server","        if (local.global.utility2_serverHttp1) {","            break;","        }","        process.env.PORT = process.env.PORT || '8081';","        console.error('server starting on port ' + process.env.PORT);","        local.http.createServer(function (request, response) {","            request.urlParsed = local.url.parse(request.url);","            if (local.assetsDict[request.urlParsed.pathname] !== undefined) {","                response.end(local.assetsDict[request.urlParsed.pathname]);","                return;","            }","            response.statusCode = 404;","            response.end();","        }).listen(process.env.PORT);","        break;","    }","}());",""],"l":{"26":2,"28":2,"33":2,"35":2,"37":2,"38":2,"39":2,"44":1,"51":2,"55":2,"59":2,"61":2,"69":1,"70":2,"76":2,"79":2,"82":2,"83":2,"85":1,"89":2,"92":1,"93":1,"94":1,"96":1,"97":1,"100":1,"101":1,"103":1,"106":1,"108":2,"114":1,"116":1,"118":1,"123":1,"124":2,"125":2,"126":3,"127":3,"128":3,"129":3,"130":1,"133":3,"134":3,"139":3,"143":1,"144":3,"145":1,"149":1,"150":1,"158":1,"160":1,"161":1,"162":1,"164":1,"166":1,"258":1,"259":1,"271":1,"274":6,"275":6,"277":1,"279":2,"281":1,"283":2,"288":1,"289":1,"291":1,"296":1,"303":1,"306":1,"307":1,"310":1,"311":1,"313":1,"314":1,"315":1,"316":1,"317":1,"318":1,"319":1,"321":1,"322":1,"324":1}},"/home/travis/build/npmtest/node-npmtest-ali-mqs/node_modules/ali-mqs/index.js":{"path":"/home/travis/build/npmtest/node-npmtest-ali-mqs/node_modules/ali-mqs/index.js","s":{"1":2,"2":2,"3":2,"4":1,"5":0,"6":0,"7":0,"8":2,"9":0,"10":2,"11":0,"12":2,"13":0,"14":0,"15":2,"16":0,"17":0,"18":0,"19":0,"20":2,"21":2,"22":2,"23":2,"24":2,"25":1,"26":0,"27":0,"28":0,"29":0,"30":0,"31":0,"32":0,"33":0,"34":0,"35":0,"36":0,"37":0,"38":0,"39":0,"40":2,"41":0,"42":0,"43":2,"44":0,"45":0,"46":0,"47":2,"48":0,"49":0,"50":0,"51":0,"52":0,"53":0,"54":0,"55":0,"56":2,"57":0,"58":0,"59":0,"60":0,"61":0,"62":0,"63":0,"64":0,"65":0,"66":0,"67":0,"68":0,"69":0,"70":0,"71":0,"72":0,"73":0,"74":0,"75":0,"76":0,"77":0,"78":0,"79":2,"80":0,"81":0,"82":0,"83":0,"84":0,"85":0,"86":0,"87":2,"88":0,"89":0,"90":2,"91":0,"92":0,"93":2,"94":0,"95":0,"96":0,"97":2,"98":0,"99":0,"100":0,"101":0,"102":0,"103":0,"104":0,"105":0,"106":0,"107":0,"108":0,"109":0,"110":0,"111":0,"112":0,"113":0,"114":0,"115":0,"116":0,"117":0,"118":0,"119":0,"120":0,"121":0,"122":0,"123":0,"124":0,"125":0,"126":0,"127":0,"128":0,"129":2,"130":0,"131":0,"132":0,"133":0,"134":0,"135":0,"136":0,"137":2,"138":0,"139":2,"140":0,"141":2,"142":0,"143":0,"144":2,"145":0,"146":0,"147":2,"148":2,"149":2,"150":2,"151":2,"152":1,"153":0,"154":0,"155":0,"156":0,"157":0,"158":0,"159":0,"160":2,"161":0,"162":0,"163":0,"164":0,"165":0,"166":0,"167":0,"168":0,"169":2,"170":0,"171":0,"172":0,"173":0,"174":0,"175":2,"176":0,"177":0,"178":2,"179":0,"180":2,"181":2,"182":2,"183":2,"184":2,"185":1,"186":0,"187":0,"188":0,"189":0,"190":0,"191":0,"192":2,"193":0,"194":0,"195":0,"196":0,"197":0,"198":0,"199":0,"200":0,"201":0,"202":0,"203":0,"204":0,"205":0,"206":0,"207":0,"208":0,"209":0,"210":2,"211":0,"212":0,"213":0,"214":0,"215":0,"216":0,"217":0,"218":0,"219":0,"220":0,"221":0,"222":0,"223":0,"224":0,"225":0,"226":0,"227":0,"228":0,"229":0,"230":0,"231":0,"232":0,"233":0,"234":0,"235":0,"236":0,"237":0,"238":0,"239":0,"240":0,"241":0,"242":0,"243":0,"244":2,"245":0,"246":2,"247":0,"248":0,"249":2,"250":2,"251":2,"252":2,"253":2,"254":2,"255":2,"256":2,"257":2,"258":2,"259":2,"260":0,"261":0,"262":0},"b":{"1":[2,2],"2":[0,0],"3":[0,0],"4":[0,0],"5":[0,0],"6":[0,0],"7":[0,0],"8":[0,0],"9":[0,0,0],"10":[0,0],"11":[0,0,0],"12":[0,0],"13":[0,0],"14":[0,0],"15":[0,0],"16":[0,0],"17":[0,0],"18":[0,0],"19":[0,0],"20":[0,0],"21":[0,0],"22":[0,0],"23":[2,0],"24":[0,0],"25":[0,0],"26":[0,0],"27":[0,0],"28":[0,0],"29":[2,0],"30":[0,0],"31":[0,0],"32":[0,0],"33":[0,0],"34":[0,0],"35":[0,0],"36":[0,0],"37":[0,0],"38":[0,0],"39":[0,0],"40":[0,0],"41":[2,0]},"f":{"1":2,"2":2,"3":0,"4":0,"5":0,"6":0,"7":0,"8":2,"9":2,"10":0,"11":0,"12":0,"13":0,"14":0,"15":0,"16":0,"17":0,"18":0,"19":0,"20":0,"21":0,"22":0,"23":0,"24":0,"25":0,"26":0,"27":0,"28":0,"29":0,"30":0,"31":0,"32":0,"33":0,"34":0,"35":0,"36":0,"37":2,"38":2,"39":0,"40":0,"41":0,"42":0,"43":0,"44":2,"45":2,"46":0,"47":0,"48":0,"49":0,"50":0,"51":0,"52":0,"53":0,"54":0},"fnMap":{"1":{"name":"(anonymous_1)","line":2,"loc":{"start":{"line":2,"column":1},"end":{"line":2,"column":19}}},"2":{"name":"(anonymous_2)","line":4,"loc":{"start":{"line":4,"column":19},"end":{"line":4,"column":31}}},"3":{"name":"Account","line":5,"loc":{"start":{"line":5,"column":8},"end":{"line":5,"column":52}}},"4":{"name":"(anonymous_4)","line":10,"loc":{"start":{"line":10,"column":39},"end":{"line":10,"column":51}}},"5":{"name":"(anonymous_5)","line":11,"loc":{"start":{"line":11,"column":37},"end":{"line":11,"column":49}}},"6":{"name":"(anonymous_6)","line":13,"loc":{"start":{"line":13,"column":38},"end":{"line":13,"column":64}}},"7":{"name":"(anonymous_7)","line":17,"loc":{"start":{"line":17,"column":35},"end":{"line":17,"column":51}}},"8":{"name":"(anonymous_8)","line":28,"loc":{"start":{"line":28,"column":1},"end":{"line":28,"column":19}}},"9":{"name":"(anonymous_9)","line":30,"loc":{"start":{"line":30,"column":14},"end":{"line":30,"column":26}}},"10":{"name":"MQ","line":33,"loc":{"start":{"line":33,"column":8},"end":{"line":33,"column":43}}},"11":{"name":"(anonymous_11)","line":58,"loc":{"start":{"line":58,"column":33},"end":{"line":58,"column":45}}},"12":{"name":"(anonymous_12)","line":63,"loc":{"start":{"line":63,"column":33},"end":{"line":63,"column":52}}},"13":{"name":"(anonymous_13)","line":69,"loc":{"start":{"line":69,"column":29},"end":{"line":69,"column":68}}},"14":{"name":"(anonymous_14)","line":81,"loc":{"start":{"line":81,"column":29},"end":{"line":81,"column":52}}},"15":{"name":"(anonymous_15)","line":87,"loc":{"start":{"line":87,"column":31},"end":{"line":87,"column":58}}},"16":{"name":"(anonymous_16)","line":93,"loc":{"start":{"line":93,"column":27},"end":{"line":93,"column":39}}},"17":{"name":"(anonymous_17)","line":97,"loc":{"start":{"line":97,"column":56},"end":{"line":97,"column":72}}},"18":{"name":"(anonymous_18)","line":104,"loc":{"start":{"line":104,"column":19},"end":{"line":104,"column":33}}},"19":{"name":"(anonymous_19)","line":112,"loc":{"start":{"line":112,"column":29},"end":{"line":112,"column":41}}},"20":{"name":"(anonymous_20)","line":115,"loc":{"start":{"line":115,"column":83},"end":{"line":115,"column":99}}},"21":{"name":"(anonymous_21)","line":124,"loc":{"start":{"line":124,"column":31},"end":{"line":124,"column":56}}},"22":{"name":"(anonymous_22)","line":129,"loc":{"start":{"line":129,"column":32},"end":{"line":129,"column":73}}},"23":{"name":"(anonymous_23)","line":137,"loc":{"start":{"line":137,"column":34},"end":{"line":137,"column":61}}},"24":{"name":"(anonymous_24)","line":142,"loc":{"start":{"line":142,"column":42},"end":{"line":142,"column":69}}},"25":{"name":"(anonymous_25)","line":152,"loc":{"start":{"line":152,"column":45},"end":{"line":152,"column":65}}},"26":{"name":"(anonymous_26)","line":158,"loc":{"start":{"line":158,"column":44},"end":{"line":158,"column":58}}},"27":{"name":"(anonymous_27)","line":166,"loc":{"start":{"line":166,"column":19},"end":{"line":166,"column":33}}},"28":{"name":"(anonymous_28)","line":183,"loc":{"start":{"line":183,"column":37},"end":{"line":183,"column":49}}},"29":{"name":"(anonymous_29)","line":193,"loc":{"start":{"line":193,"column":27},"end":{"line":193,"column":39}}},"30":{"name":"(anonymous_30)","line":199,"loc":{"start":{"line":199,"column":35},"end":{"line":199,"column":47}}},"31":{"name":"(anonymous_31)","line":204,"loc":{"start":{"line":204,"column":31},"end":{"line":204,"column":50}}},"32":{"name":"(anonymous_32)","line":205,"loc":{"start":{"line":205,"column":54},"end":{"line":205,"column":66}}},"33":{"name":"(anonymous_33)","line":210,"loc":{"start":{"line":210,"column":35},"end":{"line":210,"column":47}}},"34":{"name":"(anonymous_34)","line":213,"loc":{"start":{"line":213,"column":31},"end":{"line":213,"column":43}}},"35":{"name":"(anonymous_35)","line":216,"loc":{"start":{"line":216,"column":36},"end":{"line":216,"column":51}}},"36":{"name":"(anonymous_36)","line":220,"loc":{"start":{"line":220,"column":36},"end":{"line":220,"column":51}}},"37":{"name":"(anonymous_37)","line":229,"loc":{"start":{"line":229,"column":1},"end":{"line":229,"column":19}}},"38":{"name":"(anonymous_38)","line":231,"loc":{"start":{"line":231,"column":15},"end":{"line":231,"column":27}}},"39":{"name":"MQS","line":233,"loc":{"start":{"line":233,"column":8},"end":{"line":233,"column":38}}},"40":{"name":"(anonymous_40)","line":246,"loc":{"start":{"line":246,"column":30},"end":{"line":246,"column":70}}},"41":{"name":"(anonymous_41)","line":257,"loc":{"start":{"line":257,"column":32},"end":{"line":257,"column":57}}},"42":{"name":"(anonymous_42)","line":265,"loc":{"start":{"line":265,"column":32},"end":{"line":265,"column":48}}},"43":{"name":"(anonymous_43)","line":269,"loc":{"start":{"line":269,"column":32},"end":{"line":269,"column":44}}},"44":{"name":"(anonymous_44)","line":278,"loc":{"start":{"line":278,"column":1},"end":{"line":278,"column":19}}},"45":{"name":"(anonymous_45)","line":280,"loc":{"start":{"line":280,"column":21},"end":{"line":280,"column":33}}},"46":{"name":"OpenStack","line":281,"loc":{"start":{"line":281,"column":8},"end":{"line":281,"column":36}}},"47":{"name":"(anonymous_47)","line":295,"loc":{"start":{"line":295,"column":36},"end":{"line":295,"column":74}}},"48":{"name":"(anonymous_48)","line":300,"loc":{"start":{"line":300,"column":46},"end":{"line":300,"column":66}}},"49":{"name":"(anonymous_49)","line":303,"loc":{"start":{"line":303,"column":26},"end":{"line":303,"column":46}}},"50":{"name":"(anonymous_50)","line":306,"loc":{"start":{"line":306,"column":19},"end":{"line":306,"column":31}}},"51":{"name":"(anonymous_51)","line":311,"loc":{"start":{"line":311,"column":20},"end":{"line":311,"column":40}}},"52":{"name":"(anonymous_52)","line":326,"loc":{"start":{"line":326,"column":42},"end":{"line":326,"column":80}}},"53":{"name":"(anonymous_53)","line":369,"loc":{"start":{"line":369,"column":40},"end":{"line":369,"column":109}}},"54":{"name":"(anonymous_54)","line":373,"loc":{"start":{"line":373,"column":40},"end":{"line":373,"column":109}}}},"statementMap":{"1":{"start":{"line":1,"column":0},"end":{"line":1,"column":11}},"2":{"start":{"line":2,"column":0},"end":{"line":26,"column":28}},"3":{"start":{"line":4,"column":4},"end":{"line":24,"column":9}},"4":{"start":{"line":5,"column":8},"end":{"line":9,"column":9}},"5":{"start":{"line":6,"column":12},"end":{"line":6,"column":36}},"6":{"start":{"line":7,"column":12},"end":{"line":7,"column":32}},"7":{"start":{"line":8,"column":12},"end":{"line":8,"column":40}},"8":{"start":{"line":10,"column":8},"end":{"line":10,"column":77}},"9":{"start":{"line":10,"column":53},"end":{"line":10,"column":74}},"10":{"start":{"line":11,"column":8},"end":{"line":11,"column":73}},"11":{"start":{"line":11,"column":51},"end":{"line":11,"column":70}},"12":{"start":{"line":13,"column":8},"end":{"line":16,"column":10}},"13":{"start":{"line":14,"column":12},"end":{"line":14,"column":71}},"14":{"start":{"line":15,"column":12},"end":{"line":15,"column":58}},"15":{"start":{"line":17,"column":8},"end":{"line":22,"column":10}},"16":{"start":{"line":18,"column":12},"end":{"line":18,"column":54}},"17":{"start":{"line":19,"column":12},"end":{"line":19,"column":62}},"18":{"start":{"line":20,"column":12},"end":{"line":20,"column":56}},"19":{"start":{"line":21,"column":12},"end":{"line":21,"column":42}},"20":{"start":{"line":23,"column":8},"end":{"line":23,"column":23}},"21":{"start":{"line":25,"column":4},"end":{"line":25,"column":29}},"22":{"start":{"line":27,"column":0},"end":{"line":27,"column":11}},"23":{"start":{"line":28,"column":0},"end":{"line":227,"column":28}},"24":{"start":{"line":30,"column":4},"end":{"line":225,"column":9}},"25":{"start":{"line":33,"column":8},"end":{"line":56,"column":9}},"26":{"start":{"line":34,"column":12},"end":{"line":34,"column":38}},"27":{"start":{"line":35,"column":12},"end":{"line":35,"column":66}},"28":{"start":{"line":36,"column":12},"end":{"line":36,"column":36}},"29":{"start":{"line":37,"column":12},"end":{"line":37,"column":57}},"30":{"start":{"line":43,"column":12},"end":{"line":43,"column":35}},"31":{"start":{"line":44,"column":12},"end":{"line":44,"column":35}},"32":{"start":{"line":45,"column":12},"end":{"line":45,"column":30}},"33":{"start":{"line":46,"column":12},"end":{"line":46,"column":36}},"34":{"start":{"line":47,"column":12},"end":{"line":48,"column":38}},"35":{"start":{"line":48,"column":16},"end":{"line":48,"column":38}},"36":{"start":{"line":50,"column":12},"end":{"line":50,"column":47}},"37":{"start":{"line":51,"column":12},"end":{"line":51,"column":39}},"38":{"start":{"line":53,"column":12},"end":{"line":53,"column":60}},"39":{"start":{"line":55,"column":12},"end":{"line":55,"column":54}},"40":{"start":{"line":58,"column":8},"end":{"line":61,"column":10}},"41":{"start":{"line":59,"column":12},"end":{"line":59,"column":42}},"42":{"start":{"line":60,"column":12},"end":{"line":60,"column":63}},"43":{"start":{"line":63,"column":8},"end":{"line":67,"column":10}},"44":{"start":{"line":64,"column":12},"end":{"line":64,"column":42}},"45":{"start":{"line":65,"column":12},"end":{"line":65,"column":48}},"46":{"start":{"line":66,"column":12},"end":{"line":66,"column":92}},"47":{"start":{"line":69,"column":8},"end":{"line":78,"column":10}},"48":{"start":{"line":70,"column":12},"end":{"line":70,"column":45}},"49":{"start":{"line":71,"column":12},"end":{"line":71,"column":57}},"50":{"start":{"line":72,"column":12},"end":{"line":73,"column":49}},"51":{"start":{"line":73,"column":16},"end":{"line":73,"column":49}},"52":{"start":{"line":74,"column":12},"end":{"line":75,"column":57}},"53":{"start":{"line":75,"column":16},"end":{"line":75,"column":57}},"54":{"start":{"line":76,"column":12},"end":{"line":76,"column":44}},"55":{"start":{"line":77,"column":12},"end":{"line":77,"column":66}},"56":{"start":{"line":81,"column":8},"end":{"line":110,"column":10}},"57":{"start":{"line":82,"column":12},"end":{"line":82,"column":29}},"58":{"start":{"line":83,"column":12},"end":{"line":83,"column":32}},"59":{"start":{"line":84,"column":12},"end":{"line":85,"column":53}},"60":{"start":{"line":85,"column":16},"end":{"line":85,"column":53}},"61":{"start":{"line":86,"column":12},"end":{"line":86,"column":32}},"62":{"start":{"line":87,"column":12},"end":{"line":109,"column":15}},"63":{"start":{"line":88,"column":16},"end":{"line":88,"column":41}},"64":{"start":{"line":90,"column":16},"end":{"line":90,"column":39}},"65":{"start":{"line":91,"column":16},"end":{"line":92,"column":50}},"66":{"start":{"line":92,"column":20},"end":{"line":92,"column":50}},"67":{"start":{"line":93,"column":16},"end":{"line":96,"column":42}},"68":{"start":{"line":94,"column":20},"end":{"line":95,"column":53}},"69":{"start":{"line":95,"column":24},"end":{"line":95,"column":53}},"70":{"start":{"line":97,"column":16},"end":{"line":108,"column":19}},"71":{"start":{"line":98,"column":20},"end":{"line":98,"column":32}},"72":{"start":{"line":99,"column":20},"end":{"line":99,"column":40}},"73":{"start":{"line":100,"column":20},"end":{"line":102,"column":21}},"74":{"start":{"line":101,"column":24},"end":{"line":101,"column":96}},"75":{"start":{"line":103,"column":20},"end":{"line":103,"column":34}},"76":{"start":{"line":105,"column":20},"end":{"line":105,"column":30}},"77":{"start":{"line":106,"column":20},"end":{"line":106,"column":40}},"78":{"start":{"line":107,"column":20},"end":{"line":107,"column":31}},"79":{"start":{"line":112,"column":8},"end":{"line":122,"column":10}},"80":{"start":{"line":113,"column":12},"end":{"line":113,"column":29}},"81":{"start":{"line":114,"column":12},"end":{"line":114,"column":38}},"82":{"start":{"line":115,"column":12},"end":{"line":121,"column":15}},"83":{"start":{"line":116,"column":16},"end":{"line":116,"column":28}},"84":{"start":{"line":117,"column":16},"end":{"line":119,"column":17}},"85":{"start":{"line":118,"column":20},"end":{"line":118,"column":92}},"86":{"start":{"line":120,"column":16},"end":{"line":120,"column":28}},"87":{"start":{"line":124,"column":8},"end":{"line":127,"column":10}},"88":{"start":{"line":125,"column":12},"end":{"line":125,"column":41}},"89":{"start":{"line":126,"column":12},"end":{"line":126,"column":98}},"90":{"start":{"line":129,"column":8},"end":{"line":134,"column":10}},"91":{"start":{"line":130,"column":12},"end":{"line":130,"column":38}},"92":{"start":{"line":131,"column":12},"end":{"line":133,"column":58}},"93":{"start":{"line":137,"column":8},"end":{"line":141,"column":10}},"94":{"start":{"line":138,"column":12},"end":{"line":138,"column":37}},"95":{"start":{"line":139,"column":12},"end":{"line":139,"column":35}},"96":{"start":{"line":140,"column":12},"end":{"line":140,"column":58}},"97":{"start":{"line":142,"column":8},"end":{"line":197,"column":10}},"98":{"start":{"line":143,"column":12},"end":{"line":143,"column":29}},"99":{"start":{"line":145,"column":12},"end":{"line":149,"column":13}},"100":{"start":{"line":146,"column":16},"end":{"line":146,"column":39}},"101":{"start":{"line":147,"column":16},"end":{"line":147,"column":52}},"102":{"start":{"line":148,"column":16},"end":{"line":148,"column":23}},"103":{"start":{"line":150,"column":12},"end":{"line":150,"column":42}},"104":{"start":{"line":151,"column":12},"end":{"line":196,"column":13}},"105":{"start":{"line":152,"column":16},"end":{"line":186,"column":19}},"106":{"start":{"line":153,"column":20},"end":{"line":164,"column":21}},"107":{"start":{"line":154,"column":24},"end":{"line":154,"column":40}},"108":{"start":{"line":155,"column":24},"end":{"line":155,"column":48}},"109":{"start":{"line":156,"column":24},"end":{"line":161,"column":25}},"110":{"start":{"line":157,"column":28},"end":{"line":160,"column":31}},"111":{"start":{"line":159,"column":32},"end":{"line":159,"column":48}},"112":{"start":{"line":165,"column":20},"end":{"line":165,"column":62}},"113":{"start":{"line":167,"column":20},"end":{"line":167,"column":30}},"114":{"start":{"line":168,"column":20},"end":{"line":170,"column":21}},"115":{"start":{"line":169,"column":24},"end":{"line":169,"column":37}},"116":{"start":{"line":171,"column":20},"end":{"line":182,"column":21}},"117":{"start":{"line":172,"column":24},"end":{"line":181,"column":25}},"118":{"start":{"line":173,"column":28},"end":{"line":173,"column":50}},"119":{"start":{"line":174,"column":28},"end":{"line":177,"column":29}},"120":{"start":{"line":176,"column":32},"end":{"line":176,"column":69}},"121":{"start":{"line":179,"column":29},"end":{"line":181,"column":25}},"122":{"start":{"line":180,"column":28},"end":{"line":180,"column":52}},"123":{"start":{"line":183,"column":20},"end":{"line":185,"column":23}},"124":{"start":{"line":184,"column":24},"end":{"line":184,"column":66}},"125":{"start":{"line":190,"column":16},"end":{"line":190,"column":43}},"126":{"start":{"line":192,"column":16},"end":{"line":192,"column":47}},"127":{"start":{"line":193,"column":16},"end":{"line":195,"column":25}},"128":{"start":{"line":194,"column":20},"end":{"line":194,"column":62}},"129":{"start":{"line":199,"column":8},"end":{"line":209,"column":10}},"130":{"start":{"line":200,"column":12},"end":{"line":200,"column":29}},"131":{"start":{"line":201,"column":12},"end":{"line":202,"column":56}},"132":{"start":{"line":202,"column":16},"end":{"line":202,"column":56}},"133":{"start":{"line":203,"column":12},"end":{"line":203,"column":36}},"134":{"start":{"line":204,"column":12},"end":{"line":208,"column":15}},"135":{"start":{"line":205,"column":16},"end":{"line":207,"column":19}},"136":{"start":{"line":206,"column":20},"end":{"line":206,"column":46}},"137":{"start":{"line":210,"column":8},"end":{"line":212,"column":10}},"138":{"start":{"line":211,"column":12},"end":{"line":211,"column":100}},"139":{"start":{"line":213,"column":8},"end":{"line":215,"column":10}},"140":{"start":{"line":214,"column":12},"end":{"line":214,"column":52}},"141":{"start":{"line":216,"column":8},"end":{"line":219,"column":10}},"142":{"start":{"line":217,"column":12},"end":{"line":217,"column":53}},"143":{"start":{"line":218,"column":12},"end":{"line":218,"column":42}},"144":{"start":{"line":220,"column":8},"end":{"line":223,"column":10}},"145":{"start":{"line":221,"column":12},"end":{"line":221,"column":55}},"146":{"start":{"line":222,"column":12},"end":{"line":222,"column":40}},"147":{"start":{"line":224,"column":8},"end":{"line":224,"column":18}},"148":{"start":{"line":226,"column":4},"end":{"line":226,"column":19}},"149":{"start":{"line":228,"column":0},"end":{"line":228,"column":11}},"150":{"start":{"line":229,"column":0},"end":{"line":275,"column":28}},"151":{"start":{"line":231,"column":4},"end":{"line":273,"column":9}},"152":{"start":{"line":233,"column":8},"end":{"line":244,"column":9}},"153":{"start":{"line":234,"column":12},"end":{"line":234,"column":38}},"154":{"start":{"line":235,"column":12},"end":{"line":235,"column":63}},"155":{"start":{"line":237,"column":12},"end":{"line":237,"column":36}},"156":{"start":{"line":238,"column":12},"end":{"line":239,"column":38}},"157":{"start":{"line":239,"column":16},"end":{"line":239,"column":38}},"158":{"start":{"line":241,"column":12},"end":{"line":241,"column":39}},"159":{"start":{"line":243,"column":12},"end":{"line":243,"column":60}},"160":{"start":{"line":246,"column":8},"end":{"line":255,"column":10}},"161":{"start":{"line":247,"column":12},"end":{"line":247,"column":29}},"162":{"start":{"line":248,"column":12},"end":{"line":249,"column":49}},"163":{"start":{"line":249,"column":16},"end":{"line":249,"column":49}},"164":{"start":{"line":250,"column":12},"end":{"line":251,"column":53}},"165":{"start":{"line":251,"column":16},"end":{"line":251,"column":53}},"166":{"start":{"line":252,"column":12},"end":{"line":253,"column":55}},"167":{"start":{"line":253,"column":16},"end":{"line":253,"column":55}},"168":{"start":{"line":254,"column":12},"end":{"line":254,"column":74}},"169":{"start":{"line":257,"column":8},"end":{"line":263,"column":10}},"170":{"start":{"line":258,"column":12},"end":{"line":258,"column":37}},"171":{"start":{"line":259,"column":12},"end":{"line":260,"column":37}},"172":{"start":{"line":260,"column":16},"end":{"line":260,"column":37}},"173":{"start":{"line":261,"column":12},"end":{"line":261,"column":51}},"174":{"start":{"line":262,"column":12},"end":{"line":262,"column":59}},"175":{"start":{"line":265,"column":8},"end":{"line":268,"column":10}},"176":{"start":{"line":266,"column":12},"end":{"line":266,"column":51}},"177":{"start":{"line":267,"column":12},"end":{"line":267,"column":56}},"178":{"start":{"line":269,"column":8},"end":{"line":271,"column":10}},"179":{"start":{"line":270,"column":12},"end":{"line":270,"column":88}},"180":{"start":{"line":272,"column":8},"end":{"line":272,"column":19}},"181":{"start":{"line":274,"column":4},"end":{"line":274,"column":21}},"182":{"start":{"line":277,"column":0},"end":{"line":277,"column":11}},"183":{"start":{"line":278,"column":0},"end":{"line":380,"column":28}},"184":{"start":{"line":280,"column":4},"end":{"line":378,"column":9}},"185":{"start":{"line":281,"column":8},"end":{"line":289,"column":9}},"186":{"start":{"line":282,"column":12},"end":{"line":282,"column":43}},"187":{"start":{"line":283,"column":12},"end":{"line":283,"column":55}},"188":{"start":{"line":284,"column":12},"end":{"line":284,"column":57}},"189":{"start":{"line":285,"column":12},"end":{"line":285,"column":41}},"190":{"start":{"line":286,"column":12},"end":{"line":286,"column":36}},"191":{"start":{"line":288,"column":12},"end":{"line":288,"column":52}},"192":{"start":{"line":295,"column":8},"end":{"line":325,"column":10}},"193":{"start":{"line":296,"column":12},"end":{"line":296,"column":51}},"194":{"start":{"line":297,"column":12},"end":{"line":298,"column":62}},"195":{"start":{"line":298,"column":16},"end":{"line":298,"column":62}},"196":{"start":{"line":299,"column":12},"end":{"line":299,"column":75}},"197":{"start":{"line":300,"column":12},"end":{"line":324,"column":15}},"198":{"start":{"line":302,"column":16},"end":{"line":310,"column":19}},"199":{"start":{"line":304,"column":20},"end":{"line":304,"column":49}},"200":{"start":{"line":305,"column":20},"end":{"line":305,"column":36}},"201":{"start":{"line":308,"column":20},"end":{"line":308,"column":54}},"202":{"start":{"line":309,"column":20},"end":{"line":309,"column":36}},"203":{"start":{"line":312,"column":16},"end":{"line":323,"column":17}},"204":{"start":{"line":313,"column":20},"end":{"line":316,"column":51}},"205":{"start":{"line":314,"column":24},"end":{"line":314,"column":49}},"206":{"start":{"line":316,"column":24},"end":{"line":316,"column":51}},"207":{"start":{"line":319,"column":20},"end":{"line":322,"column":67}},"208":{"start":{"line":320,"column":24},"end":{"line":320,"column":65}},"209":{"start":{"line":322,"column":24},"end":{"line":322,"column":67}},"210":{"start":{"line":326,"column":8},"end":{"line":367,"column":10}},"211":{"start":{"line":328,"column":12},"end":{"line":329,"column":29}},"212":{"start":{"line":329,"column":16},"end":{"line":329,"column":29}},"213":{"start":{"line":330,"column":12},"end":{"line":330,"column":32}},"214":{"start":{"line":331,"column":12},"end":{"line":331,"column":33}},"215":{"start":{"line":332,"column":12},"end":{"line":340,"column":13}},"216":{"start":{"line":333,"column":16},"end":{"line":334,"column":60}},"217":{"start":{"line":334,"column":20},"end":{"line":334,"column":60}},"218":{"start":{"line":335,"column":16},"end":{"line":336,"column":64}},"219":{"start":{"line":336,"column":20},"end":{"line":336,"column":64}},"220":{"start":{"line":337,"column":16},"end":{"line":337,"column":54}},"221":{"start":{"line":338,"column":16},"end":{"line":338,"column":56}},"222":{"start":{"line":339,"column":16},"end":{"line":339,"column":52}},"223":{"start":{"line":341,"column":12},"end":{"line":342,"column":57}},"224":{"start":{"line":342,"column":16},"end":{"line":342,"column":57}},"225":{"start":{"line":344,"column":12},"end":{"line":344,"column":32}},"226":{"start":{"line":345,"column":12},"end":{"line":345,"column":26}},"227":{"start":{"line":346,"column":12},"end":{"line":352,"column":13}},"228":{"start":{"line":347,"column":16},"end":{"line":351,"column":17}},"229":{"start":{"line":348,"column":20},"end":{"line":348,"column":50}},"230":{"start":{"line":349,"column":20},"end":{"line":349,"column":37}},"231":{"start":{"line":350,"column":20},"end":{"line":350,"column":53}},"232":{"start":{"line":353,"column":12},"end":{"line":353,"column":24}},"233":{"start":{"line":354,"column":12},"end":{"line":354,"column":32}},"234":{"start":{"line":355,"column":12},"end":{"line":360,"column":13}},"235":{"start":{"line":356,"column":16},"end":{"line":356,"column":32}},"236":{"start":{"line":357,"column":16},"end":{"line":359,"column":17}},"237":{"start":{"line":358,"column":20},"end":{"line":358,"column":75}},"238":{"start":{"line":361,"column":12},"end":{"line":361,"column":48}},"239":{"start":{"line":362,"column":12},"end":{"line":362,"column":40}},"240":{"start":{"line":363,"column":12},"end":{"line":363,"column":30}},"241":{"start":{"line":364,"column":12},"end":{"line":364,"column":113}},"242":{"start":{"line":365,"column":12},"end":{"line":365,"column":39}},"243":{"start":{"line":366,"column":12},"end":{"line":366,"column":27}},"244":{"start":{"line":369,"column":8},"end":{"line":371,"column":10}},"245":{"start":{"line":370,"column":12},"end":{"line":370,"column":150}},"246":{"start":{"line":373,"column":8},"end":{"line":376,"column":10}},"247":{"start":{"line":374,"column":12},"end":{"line":374,"column":113}},"248":{"start":{"line":375,"column":12},"end":{"line":375,"column":59}},"249":{"start":{"line":377,"column":8},"end":{"line":377,"column":25}},"250":{"start":{"line":379,"column":4},"end":{"line":379,"column":33}},"251":{"start":{"line":383,"column":0},"end":{"line":383,"column":24}},"252":{"start":{"line":385,"column":0},"end":{"line":385,"column":31}},"253":{"start":{"line":386,"column":0},"end":{"line":386,"column":32}},"254":{"start":{"line":387,"column":0},"end":{"line":387,"column":31}},"255":{"start":{"line":388,"column":0},"end":{"line":388,"column":27}},"256":{"start":{"line":389,"column":0},"end":{"line":389,"column":25}},"257":{"start":{"line":390,"column":0},"end":{"line":390,"column":40}},"258":{"start":{"line":391,"column":0},"end":{"line":391,"column":33}},"259":{"start":{"line":392,"column":0},"end":{"line":392,"column":33}},"260":{"start":{"line":393,"column":0},"end":{"line":393,"column":46}},"261":{"start":{"line":395,"column":0},"end":{"line":395,"column":31}},"262":{"start":{"line":396,"column":0},"end":{"line":396,"column":60}}},"branchMap":{"1":{"line":26,"type":"binary-expr","locations":[{"start":{"line":26,"column":3},"end":{"line":26,"column":9}},{"start":{"line":26,"column":14},"end":{"line":26,"column":25}}]},"2":{"line":47,"type":"if","locations":[{"start":{"line":47,"column":12},"end":{"line":47,"column":12}},{"start":{"line":47,"column":12},"end":{"line":47,"column":12}}]},"3":{"line":72,"type":"if","locations":[{"start":{"line":72,"column":12},"end":{"line":72,"column":12}},{"start":{"line":72,"column":12},"end":{"line":72,"column":12}}]},"4":{"line":74,"type":"if","locations":[{"start":{"line":74,"column":12},"end":{"line":74,"column":12}},{"start":{"line":74,"column":12},"end":{"line":74,"column":12}}]},"5":{"line":84,"type":"if","locations":[{"start":{"line":84,"column":12},"end":{"line":84,"column":12}},{"start":{"line":84,"column":12},"end":{"line":84,"column":12}}]},"6":{"line":91,"type":"if","locations":[{"start":{"line":91,"column":16},"end":{"line":91,"column":16}},{"start":{"line":91,"column":16},"end":{"line":91,"column":16}}]},"7":{"line":94,"type":"if","locations":[{"start":{"line":94,"column":20},"end":{"line":94,"column":20}},{"start":{"line":94,"column":20},"end":{"line":94,"column":20}}]},"8":{"line":100,"type":"if","locations":[{"start":{"line":100,"column":20},"end":{"line":100,"column":20}},{"start":{"line":100,"column":20},"end":{"line":100,"column":20}}]},"9":{"line":100,"type":"binary-expr","locations":[{"start":{"line":100,"column":24},"end":{"line":100,"column":28}},{"start":{"line":100,"column":32},"end":{"line":100,"column":44}},{"start":{"line":100,"column":48},"end":{"line":100,"column":72}}]},"10":{"line":117,"type":"if","locations":[{"start":{"line":117,"column":16},"end":{"line":117,"column":16}},{"start":{"line":117,"column":16},"end":{"line":117,"column":16}}]},"11":{"line":117,"type":"binary-expr","locations":[{"start":{"line":117,"column":20},"end":{"line":117,"column":24}},{"start":{"line":117,"column":28},"end":{"line":117,"column":40}},{"start":{"line":117,"column":44},"end":{"line":117,"column":68}}]},"12":{"line":140,"type":"binary-expr","locations":[{"start":{"line":140,"column":40},"end":{"line":140,"column":51}},{"start":{"line":140,"column":55},"end":{"line":140,"column":56}}]},"13":{"line":145,"type":"if","locations":[{"start":{"line":145,"column":12},"end":{"line":145,"column":12}},{"start":{"line":145,"column":12},"end":{"l
[...]
6},"end":{"line":335,"column":16}}]},"38":{"line":341,"type":"if","locations":[{"start":{"line":341,"column":12},"end":{"line":341,"column":12}},{"start":{"line":341,"column":12},"end":{"line":341,"column":12}}]},"39":{"line":347,"type":"if","locations":[{"start":{"line":347,"column":16},"end":{"line":347,"column":16}},{"start":{"line":347,"column":16},"end":{"line":347,"column":16}}]},"40":{"line":357,"type":"if","locations":[{"start":{"line":357,"column":16},"end":{"line":357,"column":16}},{"start":{"line":357,"column":16},"end":{"line":357,"column":16}}]},"41":{"line":380,"type":"binary-expr","locations":[{"start":{"line":380,"column":3},"end":{"line":380,"column":9}},{"start":{"line":380,"column":14},"end":{"line":380,"column":25}}]}},"code":["var AliMQS;","(function (AliMQS) {","    // The Ali account, it holds the key id and secret.","    var Account = (function () {","        function Account(ownerId, keyId, keySecret) {","            this._ownerId = ownerId;","            this._keyId = keyId;","            this._keySecret = keySecret;","        }","        Account.prototype.getOwnerId = function () { return this._ownerId; };","        Account.prototype.getKeyId = function () { return this._keyId; };","        // encoding: \"hex\", \"binary\" or \"base64\"","        Account.prototype.hmac_sha1 = function (text, encoding) {","            var hmacSHA1 = CryptoA.createHmac(\"sha1\", this._keySecret);","            return hmacSHA1.update(text).digest(encoding);","        };","        Account.prototype.b64md5 = function (text) {","            var cryptoMD5 = CryptoA.createHash(\"md5\");","            var md5HEX = cryptoMD5.update(text).digest(\"hex\");","            var buf = new Buffer.Buffer(md5HEX, \"utf8\");","            return buf.toString(\"base64\");","        };","        return Account;","    })();","    AliMQS.Account = Account;","})(AliMQS || (AliMQS = {}));","var AliMQS;","(function (AliMQS) {","    // The MQ","    var MQ = (function () {","        // The constructor. name & account is required.","        // region can be \"hangzhou\", \"beijing\" or \"qingdao\", the default is \"hangzhou\"","        function MQ(name, account, region) {","            this._region = \"hangzhou\";","            this._pattern = \"http://%s.mqs-cn-%s.aliyuncs.com/%s\";","            this._signalSTOP = true;","            this._evStopped = \"AliMQS_MQ_NOTIFY_STOPPED\";","            // 连续timeout计数器","            // 在某种未知的原因下,网络底层链接断了","            // 这时在程序内部的重试无法促使网络重连,以后的重试都是徒劳的","            // 如果连续发生反复重试都依然timeout,那么极有可能已经发生此种情况了","            // 这时抛出NetworkBroken异常","            this._timeoutCount = 0;","            this._timeoutMax = 128;","            this._name = name;","            this._account = account;","            if (region)","                this._region = region;","            // make url","            this._urlAttr = this.makeAttrURL();","            this._url = this.makeURL();","            // create the OpenStack object","            this._openStack = new AliMQS.OpenStack(account);","            // emitter","            this._emitter = new Events.EventEmitter();","        }","        // 获取MQ的属性值","        MQ.prototype.getAttrsP = function () {","            debug(\"GET \" + this._urlAttr);","            return this._openStack.sendP(\"GET\", this._urlAttr);","        };","        // 设置MQ的属性值","        MQ.prototype.setAttrsP = function (options) {","            var body = { Queue: options };","            debug(\"PUT \" + this._urlAttr, body);","            return this._openStack.sendP(\"PUT\", this._urlAttr + \"?metaoverride=true\", body);","        };","        // 发送消息","        MQ.prototype.sendP = function (msg, priority, delaySeconds) {","            var b64 = this.utf8ToBase64(msg);","            var body = { Message: { MessageBody: b64 } };","            if (!isNaN(priority))","                body.Message.Priority = priority;","            if (!isNaN(delaySeconds))","                body.Message.DelaySeconds = delaySeconds;","            debug(\"PUT \" + this._url, body);","            return this._openStack.sendP(\"POST\", this._url, body);","        };","        // 接收消息","        // waitSeconds, 最久等待多少秒0~30","        MQ.prototype.recvP = function (waitSeconds) {","            var _this = this;","            var url = this._url;","            if (waitSeconds)","                url += \"?waitseconds=\" + waitSeconds;","            debug(\"GET \" + url);","            return new Promise(function (resolve, reject) {","                var bGotResponse = false;","                // wait more 5 seconds to trigger timeout error","                var timeOutSeconds = 5;","                if (waitSeconds)","                    timeOutSeconds += waitSeconds;","                setTimeout(function () {","                    if (!bGotResponse)","                        reject(new Error(\"timeout\"));","                }, 1000 * timeOutSeconds);","                _this._openStack.sendP(\"GET\", url).done(function (data) {","                    debug(data);","                    bGotResponse = true;","                    if (data && data.Message && data.Message.MessageBody) {","                        data.Message.MessageBody = _this.base64ToUtf8(data.Message.MessageBody);","                    }","                    resolve(data);","                }, function (ex) {","                    debug(ex);","                    bGotResponse = true;","                    reject(ex);","                });","            });","        };","        // 检查消息","        MQ.prototype.peekP = function () {","            var _this = this;","            debug(\"GET \" + this._url);","            return this._openStack.sendP(\"GET\", this._url + \"?peekonly=true\").then(function (data) {","                debug(data);","                if (data && data.Message && data.Message.MessageBody) {","                    data.Message.MessageBody = _this.base64ToUtf8(data.Message.MessageBody);","                }","                return data;","            });","        };","        // 删除消息","        MQ.prototype.deleteP = function (receiptHandle) {","            debug(\"DELETE \" + this._url);","            return this._openStack.sendP(\"DELETE\", this._url + \"?ReceiptHandle=\" + receiptHandle);","        };","        // 保留消息","        MQ.prototype.reserveP = function (receiptHandle, reserveSeconds) {","            debug(\"PUT \" + this._url);","            return this._openStack.sendP(\"PUT\", this._url","                + \"?ReceiptHandle=\" + receiptHandle","                + \"&VisibilityTimeout=\" + reserveSeconds);","        };","        // 消息通知.每当有消息收到时,都调用cb回调函数","        // 如果cb返回true,那么将删除消息,否则保留消息","        MQ.prototype.notifyRecv = function (cb, waitSeconds) {","            this._signalSTOP = false;","            this._timeoutCount = 0;","            this.notifyRecvInternal(cb, waitSeconds || 5);","        };","        MQ.prototype.notifyRecvInternal = function (cb, waitSeconds) {","            var _this = this;","            // This signal will be triggered by notifyStopP()","            if (this._signalSTOP) {","                debug(\"notifyStopped\");","                this._emitter.emit(this._evStopped);","                return;","            }","            debug(\"notifyRecvInternal()\");","            try {","                this.recvP(waitSeconds).done(function (dataRecv) {","                    try {","                        debug(dataRecv);","                        _this._timeoutCount = 0;","                        if (cb(null, dataRecv)) {","                            _this.deleteP(dataRecv.Message.ReceiptHandle)","                                .done(null, function (ex) {","                                console.log(ex);","                            });","                        }","                    }","                    catch (ex) {","                    }","                    _this.notifyRecvInternal(cb, waitSeconds);","                }, function (ex) {","                    debug(ex);","                    if ((!ex.Error) || (ex.Error.Code !== \"MessageNotExist\")) {","                        cb(ex, null);","                    }","                    if (ex) {","                        if (ex.message === \"timeout\") {","                            _this._timeoutCount++;","                            if (_this._timeoutCount > _this._timeoutMax) {","                                // 极度可能网络底层断了","                                cb(new Error(\"NetworkBroken\"), null);","                            }","                        }","                        else if (ex.Error && ex.Error.Code === \"MessageNotExist\") {","                            _this._timeoutCount = 0;","                        }","                    }","                    process.nextTick(function () {","                        _this.notifyRecvInternal(cb, waitSeconds);","                    });","                });","            }","            catch (ex) {","                // ignore any ex ","                console.log(ex.toString());","                // 过5秒重试","                debug(\"Retry after 5 seconds\");","                setTimeout(function () {","                    _this.notifyRecvInternal(cb, waitSeconds);","                }, 5000);","            }","        };","        // 停止消息通知","        MQ.prototype.notifyStopP = function () {","            var _this = this;","            if (this._signalSTOP)","                return Promise.resolve(this._evStopped);","            this._signalSTOP = true;","            return new Promise(function (resolve) {","                _this._emitter.once(_this._evStopped, function () {","                    resolve(_this._evStopped);","                });","            });","        };","        MQ.prototype.makeAttrURL = function () {","            return Util.format(this._pattern, this._account.getOwnerId(), this._region, this._name);","        };","        MQ.prototype.makeURL = function () {","            return this.makeAttrURL() + \"/messages\";","        };","        MQ.prototype.utf8ToBase64 = function (src) {","            var buf = new Buffer.Buffer(src, 'utf8');","            return buf.toString('base64');","        };","        MQ.prototype.base64ToUtf8 = function (src) {","            var buf = new Buffer.Buffer(src, 'base64');","            return buf.toString('utf8');","        };","        return MQ;","    })();","    AliMQS.MQ = MQ;","})(AliMQS || (AliMQS = {}));","var AliMQS;","(function (AliMQS) {","    // The MQS can list, create, delete, modify the mq.","    var MQS = (function () {","        // The constructor. account: ali account; region: can be \"hangzhou\", \"beijing\" or \"qingdao\", default is \"hangzhou\"","        function MQS(account, region) {","            this._region = \"hangzhou\"; // region: hangzhou, beijing, qingdao","            this._pattern = \"http://%s.mqs-cn-%s.aliyuncs.com\";","            // save the input arguments","            this._account = account;","            if (region)","                this._region = region;","            // make url","            this._url = this.makeURL();","            // create the OpenStack object","            this._openStack = new AliMQS.OpenStack(account);","        }","        // List all mqs.","        MQS.prototype.listP = function (prefix, pageSize, pageMarker) {","            var headers = {};","            if (prefix)","                headers[\"x-mqs-prefix\"] = prefix;","            if (pageMarker)","                headers[\"x-mqs-marker\"] = pageMarker;","            if (pageSize)","                headers[\"x-mqs-ret-number\"] = pageSize;","            return this._openStack.sendP(\"GET\", this._url, null, headers);","        };","        // Create a message queue","        MQS.prototype.createP = function (name, options) {","            var body = { Queue: \"\" };","            if (options)","                body.Queue = options;","            var url = Url.resolve(this._url, name);","            return this._openStack.sendP(\"PUT\", url, body);","        };","        // Delete a message queue","        MQS.prototype.deleteP = function (name) {","            var url = Url.resolve(this._url, name);","            return this._openStack.sendP(\"DELETE\", url);","        };","        MQS.prototype.makeURL = function () {","            return Util.format(this._pattern, this._account.getOwnerId(), this._region);","        };","        return MQS;","    })();","    AliMQS.MQS = MQS;","})(AliMQS || (AliMQS = {}));","// The Ali open interface stack","var AliMQS;","(function (AliMQS) {","    // the ali open interface stack protocol","    var OpenStack = (function () {","        function OpenStack(account) {","            this._patternMQS = \"MQS %s:%s\";","            this._patternSign = \"%s\\n%s\\n%s\\n%s\\n%s%s\";","            this._contentType = \"text/xml;charset=utf-8\";","            this._version = \"2014-07-08\";","            this._account = account;","            // xml builder","            this._xmlBuilder = new Xml2js.Builder();","        }","        // Send the request","        // method: GET, POST, PUT, DELETE","        // url: request url","        // body: optional, request body","        // head: optional, request heads","        OpenStack.prototype.sendP = function (method, url, body, headers) {","            var req = { method: method, url: url };","            if (body)","                req.body = this._xmlBuilder.buildObject(body);","            req.headers = this.makeHeaders(method, url, headers, req.body);","            return Request.requestP(req).then(function (response) {","                // convert the body from xml to json","                return Xml2js.parseStringP(response.body, { explicitArray: false })","                    .then(function (bodyJSON) {","                    response.bodyJSON = bodyJSON;","                    return response;","                }, function () {","                    // cannot parse as xml","                    response.bodyJSON = response.body;","                    return response;","                });","            }).then(function (response) {","                if (response.statusCode < 400) {","                    if (response.bodyJSON)","                        return response.bodyJSON;","                    else","                        return response.statusCode;","                }","                else {","                    if (response.bodyJSON)","                        return Promise.reject(response.bodyJSON);","                    else","                        return Promise.reject(response.statusCode);","                }","            });","        };","        OpenStack.prototype.makeHeaders = function (mothod, url, headers, body) {","            // if not exist, create one","            if (!headers)","                headers = {};","            var contentMD5 = \"\";","            var contentType = \"\";","            if (body) {","                if (!headers[\"Content-Length\"])","                    headers[\"Content-Length\"] = body.length;","                if (!headers[\"Content-Type\"])","                    headers[\"Content-Type\"] = this._contentType;","                contentType = headers[\"Content-Type\"];","                contentMD5 = this._account.b64md5(body);","                headers[\"Content-MD5\"] = contentMD5;","            }","            if (!headers[\"x-mqs-version\"])","                headers[\"x-mqs-version\"] = this._version;","            // lowercase & sort & extract the x-mqs-<any>","            var headsLower = {};","            var keys = [];","            for (var key in headers) {","                if (headers.hasOwnProperty(key)) {","                    var lower = key.toLowerCase();","                    keys.push(lower);","                    headsLower[lower] = headers[key];","                }","            }","            keys.sort();","            var mqsHeaders = \"\";","            for (var i in keys) {","                var k = keys[i];","                if (k.indexOf(\"x-mqs-\") === 0) {","                    mqsHeaders += Util.format(\"%s:%s\\n\", k, headsLower[k]);","                }","            }","            var tm = (new Date()).toUTCString();","            var mqsURL = Url.parse(url);","            headers.Date = tm;","            headers.Authorization = this.authorize(mothod, mqsURL.path, mqsHeaders, contentType, contentMD5, tm);","            headers.Host = mqsURL.host;","            return headers;","        };","        // ali mqs authorize header","        OpenStack.prototype.authorize = function (httpVerb, mqsURI, mqsHeaders, contentType, contentMD5, tm) {","            return Util.format(this._patternMQS, this._account.getKeyId(), this.signature(httpVerb, mqsURI, mqsHeaders, contentType, contentMD5, tm));","        };","        // ali mqs signature","        OpenStack.prototype.signature = function (httpVerb, mqsURI, mqsHeaders, contentType, contentMD5, tm) {","            var text = Util.format(this._patternSign, httpVerb, contentMD5, contentType, tm, mqsHeaders, mqsURI);","            return this._account.hmac_sha1(text, \"base64\");","        };","        return OpenStack;","    })();","    AliMQS.OpenStack = OpenStack;","})(AliMQS || (AliMQS = {}));","/// <reference path=\"../dts/external.d.ts\" />","// Exports the AliMQS","module.exports = AliMQS;","// dependencies","var Buffer = require(\"buffer\");","var CryptoA = require(\"crypto\");","var Events = require(\"events\");","var Util = require(\"util\");","var Url = require(\"url\");","var debug = require(\"debug\")(\"ali-mqs\");","var Promise = require(\"promise\");","var Request = require(\"request\");","Request.requestP = Promise.denodeify(Request);","// Request.debug = true;","var Xml2js = require(\"xml2js\");","Xml2js.parseStringP = Promise.denodeify(Xml2js.parseString);","//# sourceMappingURL=index.js.map"],"l":{"1":2,"2":2,"4":2,"5":1,"6":0,"7":0,"8":0,"10":2,"11":2,"13":2,"14":0,"15":0,"17":2,"18":0,"19":0,"20":0,"21":0,"23":2,"25":2,"27":2,"28":2,"30":2,"33":1,"34":0,"35":0,"36":0,"37":0,"43":0,"44":0,"45":0,"46":0,"47":0,"48":0,"50":0,"51":0,"53":0,"55":0,"58":2,"59":0,"60":0,"63":2,"64":0,"65":0,"66":0,"69":2,"70":0,"71":0,"72":0,"73":0,"74":0,"75":0,"76":0,"77":0,"81":2,"82":0,"83":0,"84":0,"85":0,"86":0,"87":0,"88":0,"90":0,"91":0,"92":0,"93":0,"94":0,"95":0,"97":0,"98":0,"99":0,"100":0,"101":0,"103":0,"105":0,"106":0,"107":0,"112":2,"113":0,"114":0,"115":0,"116":0,"117":0,"118":0,"120":0,"124":2,"125":0,"126":0,"129":2,"130":0,"131":0,"137":2,"138":0,"139":0,"140":0,"142":2,"143":0,"145":0,"146":0,"147":0,"148":0,"150":0,"151":0,"152":0,"153":0,"154":0,"155":0,"156":0,"157":0,"159":0,"165":0,"167":0,"168":0,"169":0,"171":0,"172":0,"173":0,"174":0,"176":0,"179":0,"180":0,"183":0,"184":0,"190":0,"192":0,"193":0,"194":0,"199":2,"200":0,"201":0,"202":0,"203":0,"204":0,"205":0,"206":0,"210":2,"211":0,"213":2,"214":0,"216":2,"217":0,"218":0,"220":2,"221":0,"222":0,"224":2,"226":2,"228":2,"229":2,"231":2,"233":1,"234":0,"235":0,"237":0,"238":0,"239":0,"241":0,"243":0,"246":2,"247":0,"248":0,"249":0,"250":0,"251":0,"252":0,"253":0,"254":0,"257":2,"258":0,"259":0,"260":0,"261":0,"262":0,"265":2,"266":0,"267":0,"269":2,"270":0,"272":2,"274":2,"277":2,"278":2,"280":2,"281":1,"282":0,"283":0,"284":0,"285":0,"286":0,"288":0,"295":2,"296":0,"297":0,"298":0,"299":0,"300":0,"302":0,"304":0,"305":0,"308":0,"309":0,"312":0,"313":0,"314":0,"316":0,"319":0,"320":0,"322":0,"326":2,"328":0,"329":0,"330":0,"331":0,"332":0,"333":0,"334":0,"335":0,"336":0,"337":0,"338":0,"339":0,"341":0,"342":0,"344":0,"345":0,"346":0,"347":0,"348":0,"349":0,"350":0,"353":0,"354":0,"355":0,"356":0,"357":0,"358":0,"361":0,"362":0,"363":0,"364":0,"365":0,"366":0,"369":2,"370":0,"373":2,"374":0,"375":0,"377":2,"379":2,"383":2,"385":2,"386":2,"387":2,"388":2,"389":2,"390":2,"391":2,"392":2,"393":0,"395":0,"396":0}}}